The system is: Linux - 4.18.0-193.14.2.el8_2.x86_64 - x86_64
Compiling the C compiler identification source file "CMakeCCompilerId.c" succeeded.
Compiler: /usr/bin/cc 
Build flags: 
Id flags:  

The output was:
0


Compilation of the C compiler identification source "CMakeCCompilerId.c" produced "a.out"

The C compiler identification is GNU, found in "/home/zhangjb/workspace/light-fm-95pvs/gpu_bxm_4_64/llvm-5935153/llvm.tblgen/CMakeFiles/3.10.2/CompilerIdC/a.out"

Compiling the CXX compiler identification source file "CMakeCXXCompilerId.cpp" succeeded.
Compiler: /usr/bin/c++ 
Build flags: 
Id flags:  

The output was:
0


Compilation of the CXX compiler identification source "CMakeCXXCompilerId.cpp" produced "a.out"

The CXX compiler identification is GNU, found in "/home/zhangjb/workspace/light-fm-95pvs/gpu_bxm_4_64/llvm-5935153/llvm.tblgen/CMakeFiles/3.10.2/CompilerIdCXX/a.out"

Determining if the C compiler works passed with the following output:
Change Dir: /home/zhangjb/workspace/light-fm-95pvs/gpu_bxm_4_64/llvm-5935153/llvm.tblgen/CMakeFiles/CMakeTmp

Run Build Command:"/usr/bin/ninja" "cmTC_db70c"
[1/2] Building C object CMakeFiles/cmTC_db70c.dir/testCCompiler.c.o
[2/2] Linking C executable cmTC_db70c


Detecting C compiler ABI info compiled with the following output:
Change Dir: /home/zhangjb/workspace/light-fm-95pvs/gpu_bxm_4_64/llvm-5935153/llvm.tblgen/CMakeFiles/CMakeTmp

Run Build Command:"/usr/bin/ninja" "cmTC_edd56"
[1/2] Building C object CMakeFiles/cmTC_edd56.dir/CMakeCCompilerABI.c.o
[2/2] Linking C executable cmTC_edd56
Using built-in specs.
COLLECT_GCC=/usr/bin/cc
COLLECT_LTO_WRAPPER=/usr/lib/gcc/x86_64-linux-gnu/7/lto-wrapper
OFFLOAD_TARGET_NAMES=nvptx-none
OFFLOAD_TARGET_DEFAULT=1
Target: x86_64-linux-gnu
Configured with: ../src/configure -v --with-pkgversion='Ubuntu 7.5.0-3ubuntu1~18.04' --with-bugurl=file:///usr/share/doc/gcc-7/README.Bugs --enable-languages=c,ada,c++,go,brig,d,fortran,objc,obj-c++ --prefix=/usr --with-gcc-major-version-only --program-suffix=-7 --program-prefix=x86_64-linux-gnu- --enable-shared --enable-linker-build-id --libexecdir=/usr/lib --without-included-gettext --enable-threads=posix --libdir=/usr/lib --enable-nls --enable-bootstrap --enable-clocale=gnu --enable-libstdcxx-debug --enable-libstdcxx-time=yes --with-default-libstdcxx-abi=new --enable-gnu-unique-object --disable-vtable-verify --enable-libmpx --enable-plugin --enable-default-pie --with-system-zlib --with-target-system-zlib --enable-objc-gc=auto --enable-multiarch --disable-werror --with-arch-32=i686 --with-abi=m64 --with-multilib-list=m32,m64,mx32 --enable-multilib --with-tune=generic --enable-offload-targets=nvptx-none --without-cuda-driver --enable-checking=release --build=x86_64-linux-gnu --host=x86_64-linux-gnu --target=x86_64-linux-gnu
Thread model: posix
gcc version 7.5.0 (Ubuntu 7.5.0-3ubuntu1~18.04) 
COMPILER_PATH=/usr/lib/gcc/x86_64-linux-gnu/7/:/usr/lib/gcc/x86_64-linux-gnu/7/:/usr/lib/gcc/x86_64-linux-gnu/:/usr/lib/gcc/x86_64-linux-gnu/7/:/usr/lib/gcc/x86_64-linux-gnu/
LIBRARY_PATH=/usr/lib/gcc/x86_64-linux-gnu/7/:/usr/lib/gcc/x86_64-linux-gnu/7/../../../x86_64-linux-gnu/:/usr/lib/gcc/x86_64-linux-gnu/7/../../../../lib/:/lib/x86_64-linux-gnu/:/lib/../lib/:/usr/lib/x86_64-linux-gnu/:/usr/lib/../lib/:/usr/lib/gcc/x86_64-linux-gnu/7/../../../:/lib/:/usr/lib/
COLLECT_GCC_OPTIONS='-v' '-o' 'cmTC_edd56' '-mtune=generic' '-march=x86-64'
 /usr/lib/gcc/x86_64-linux-gnu/7/collect2 -plugin /usr/lib/gcc/x86_64-linux-gnu/7/liblto_plugin.so -plugin-opt=/usr/lib/gcc/x86_64-linux-gnu/7/lto-wrapper -plugin-opt=-fresolution=/tmp/ccGMOOxD.res -plugin-opt=-pass-through=-lgcc -plugin-opt=-pass-through=-lgcc_s -plugin-opt=-pass-through=-lc -plugin-opt=-pass-through=-lgcc -plugin-opt=-pass-through=-lgcc_s --build-id --eh-frame-hdr -m elf_x86_64 --hash-style=gnu --as-needed -dynamic-linker /lib64/ld-linux-x86-64.so.2 -pie -z now -z relro -o cmTC_edd56 /usr/lib/gcc/x86_64-linux-gnu/7/../../../x86_64-linux-gnu/Scrt1.o /usr/lib/gcc/x86_64-linux-gnu/7/../../../x86_64-linux-gnu/crti.o /usr/lib/gcc/x86_64-linux-gnu/7/crtbeginS.o -L/usr/lib/gcc/x86_64-linux-gnu/7 -L/usr/lib/gcc/x86_64-linux-gnu/7/../../../x86_64-linux-gnu -L/usr/lib/gcc/x86_64-linux-gnu/7/../../../../lib -L/lib/x86_64-linux-gnu -L/lib/../lib -L/usr/lib/x86_64-linux-gnu -L/usr/lib/../lib -L/usr/lib/gcc/x86_64-linux-gnu/7/../../.. CMakeFiles/cmTC_edd56.dir/CMakeCCompilerABI.c.o -lgcc --push-state --as-needed -lgcc_s --pop-state -lc -lgcc --push-state --as-needed -lgcc_s --pop-state /usr/lib/gcc/x86_64-linux-gnu/7/crtendS.o /usr/lib/gcc/x86_64-linux-gnu/7/../../../x86_64-linux-gnu/crtn.o
COLLECT_GCC_OPTIONS='-v' '-o' 'cmTC_edd56' '-mtune=generic' '-march=x86-64'


Parsed C implicit link information from above output:
  link line regex: [^( *|.*[/\])(ld|CMAKE_LINK_STARTFILE-NOTFOUND|([^/\]+-)?ld|collect2)[^/\]*( |$)]
  ignore line: [Change Dir: /home/zhangjb/workspace/light-fm-95pvs/gpu_bxm_4_64/llvm-5935153/llvm.tblgen/CMakeFiles/CMakeTmp]
  ignore line: []
  ignore line: [Run Build Command:"/usr/bin/ninja" "cmTC_edd56"]
  ignore line: [[1/2] Building C object CMakeFiles/cmTC_edd56.dir/CMakeCCompilerABI.c.o]
  ignore line: [[2/2] Linking C executable cmTC_edd56]
  ignore line: [Using built-in specs.]
  ignore line: [COLLECT_GCC=/usr/bin/cc]
  ignore line: [COLLECT_LTO_WRAPPER=/usr/lib/gcc/x86_64-linux-gnu/7/lto-wrapper]
  ignore line: [OFFLOAD_TARGET_NAMES=nvptx-none]
  ignore line: [OFFLOAD_TARGET_DEFAULT=1]
  ignore line: [Target: x86_64-linux-gnu]
  ignore line: [Configured with: ../src/configure -v --with-pkgversion='Ubuntu 7.5.0-3ubuntu1~18.04' --with-bugurl=file:///usr/share/doc/gcc-7/README.Bugs --enable-languages=c,ada,c++,go,brig,d,fortran,objc,obj-c++ --prefix=/usr --with-gcc-major-version-only --program-suffix=-7 --program-prefix=x86_64-linux-gnu- --enable-shared --enable-linker-build-id --libexecdir=/usr/lib --without-included-gettext --enable-threads=posix --libdir=/usr/lib --enable-nls --enable-bootstrap --enable-clocale=gnu --enable-libstdcxx-debug --enable-libstdcxx-time=yes --with-default-libstdcxx-abi=new --enable-gnu-unique-object --disable-vtable-verify --enable-libmpx --enable-plugin --enable-default-pie --with-system-zlib --with-target-system-zlib --enable-objc-gc=auto --enable-multiarch --disable-werror --with-arch-32=i686 --with-abi=m64 --with-multilib-list=m32,m64,mx32 --enable-multilib --with-tune=generic --enable-offload-targets=nvptx-none --without-cuda-driver --enable-checking=release --build=x86_64-linux-gnu --host=x86_64-linux-gnu --target=x86_64-linux-gnu]
  ignore line: [Thread model: posix]
  ignore line: [gcc version 7.5.0 (Ubuntu 7.5.0-3ubuntu1~18.04) ]
  ignore line: [COMPILER_PATH=/usr/lib/gcc/x86_64-linux-gnu/7/:/usr/lib/gcc/x86_64-linux-gnu/7/:/usr/lib/gcc/x86_64-linux-gnu/:/usr/lib/gcc/x86_64-linux-gnu/7/:/usr/lib/gcc/x86_64-linux-gnu/]
  ignore line: [LIBRARY_PATH=/usr/lib/gcc/x86_64-linux-gnu/7/:/usr/lib/gcc/x86_64-linux-gnu/7/../../../x86_64-linux-gnu/:/usr/lib/gcc/x86_64-linux-gnu/7/../../../../lib/:/lib/x86_64-linux-gnu/:/lib/../lib/:/usr/lib/x86_64-linux-gnu/:/usr/lib/../lib/:/usr/lib/gcc/x86_64-linux-gnu/7/../../../:/lib/:/usr/lib/]
  ignore line: [COLLECT_GCC_OPTIONS='-v' '-o' 'cmTC_edd56' '-mtune=generic' '-march=x86-64']
  link line: [ /usr/lib/gcc/x86_64-linux-gnu/7/collect2 -plugin /usr/lib/gcc/x86_64-linux-gnu/7/liblto_plugin.so -plugin-opt=/usr/lib/gcc/x86_64-linux-gnu/7/lto-wrapper -plugin-opt=-fresolution=/tmp/ccGMOOxD.res -plugin-opt=-pass-through=-lgcc -plugin-opt=-pass-through=-lgcc_s -plugin-opt=-pass-through=-lc -plugin-opt=-pass-through=-lgcc -plugin-opt=-pass-through=-lgcc_s --build-id --eh-frame-hdr -m elf_x86_64 --hash-style=gnu --as-needed -dynamic-linker /lib64/ld-linux-x86-64.so.2 -pie -z now -z relro -o cmTC_edd56 /usr/lib/gcc/x86_64-linux-gnu/7/../../../x86_64-linux-gnu/Scrt1.o /usr/lib/gcc/x86_64-linux-gnu/7/../../../x86_64-linux-gnu/crti.o /usr/lib/gcc/x86_64-linux-gnu/7/crtbeginS.o -L/usr/lib/gcc/x86_64-linux-gnu/7 -L/usr/lib/gcc/x86_64-linux-gnu/7/../../../x86_64-linux-gnu -L/usr/lib/gcc/x86_64-linux-gnu/7/../../../../lib -L/lib/x86_64-linux-gnu -L/lib/../lib -L/usr/lib/x86_64-linux-gnu -L/usr/lib/../lib -L/usr/lib/gcc/x86_64-linux-gnu/7/../../.. CMakeFiles/cmTC_edd56.dir/CMakeCCompilerABI.c.o -lgcc --push-state --as-needed -lgcc_s --pop-state -lc -lgcc --push-state --as-needed -lgcc_s --pop-state /usr/lib/gcc/x86_64-linux-gnu/7/crtendS.o /usr/lib/gcc/x86_64-linux-gnu/7/../../../x86_64-linux-gnu/crtn.o]
    arg [/usr/lib/gcc/x86_64-linux-gnu/7/collect2] ==> ignore
    arg [-plugin] ==> ignore
    arg [/usr/lib/gcc/x86_64-linux-gnu/7/liblto_plugin.so] ==> ignore
    arg [-plugin-opt=/usr/lib/gcc/x86_64-linux-gnu/7/lto-wrapper] ==> ignore
    arg [-plugin-opt=-fresolution=/tmp/ccGMOOxD.res] ==> ignore
    arg [-plugin-opt=-pass-through=-lgcc] ==> ignore
    arg [-plugin-opt=-pass-through=-lgcc_s] ==> ignore
    arg [-plugin-opt=-pass-through=-lc] ==> ignore
    arg [-plugin-opt=-pass-through=-lgcc] ==> ignore
    arg [-plugin-opt=-pass-through=-lgcc_s] ==> ignore
    arg [--build-id] ==> ignore
    arg [--eh-frame-hdr] ==> ignore
    arg [-m] ==> ignore
    arg [elf_x86_64] ==> ignore
    arg [--hash-style=gnu] ==> ignore
    arg [--as-needed] ==> ignore
    arg [-dynamic-linker] ==> ignore
    arg [/lib64/ld-linux-x86-64.so.2] ==> ignore
    arg [-pie] ==> ignore
    arg [-znow] ==> ignore
    arg [-zrelro] ==> ignore
    arg [-o] ==> ignore
    arg [cmTC_edd56] ==> ignore
    arg [/usr/lib/gcc/x86_64-linux-gnu/7/../../../x86_64-linux-gnu/Scrt1.o] ==> ignore
    arg [/usr/lib/gcc/x86_64-linux-gnu/7/../../../x86_64-linux-gnu/crti.o] ==> ignore
    arg [/usr/lib/gcc/x86_64-linux-gnu/7/crtbeginS.o] ==> ignore
    arg [-L/usr/lib/gcc/x86_64-linux-gnu/7] ==> dir [/usr/lib/gcc/x86_64-linux-gnu/7]
    arg [-L/usr/lib/gcc/x86_64-linux-gnu/7/../../../x86_64-linux-gnu] ==> dir [/usr/lib/gcc/x86_64-linux-gnu/7/../../../x86_64-linux-gnu]
    arg [-L/usr/lib/gcc/x86_64-linux-gnu/7/../../../../lib] ==> dir [/usr/lib/gcc/x86_64-linux-gnu/7/../../../../lib]
    arg [-L/lib/x86_64-linux-gnu] ==> dir [/lib/x86_64-linux-gnu]
    arg [-L/lib/../lib] ==> dir [/lib/../lib]
    arg [-L/usr/lib/x86_64-linux-gnu] ==> dir [/usr/lib/x86_64-linux-gnu]
    arg [-L/usr/lib/../lib] ==> dir [/usr/lib/../lib]
    arg [-L/usr/lib/gcc/x86_64-linux-gnu/7/../../..] ==> dir [/usr/lib/gcc/x86_64-linux-gnu/7/../../..]
    arg [CMakeFiles/cmTC_edd56.dir/CMakeCCompilerABI.c.o] ==> ignore
    arg [-lgcc] ==> lib [gcc]
    arg [--push-state] ==> ignore
    arg [--as-needed] ==> ignore
    arg [-lgcc_s] ==> lib [gcc_s]
    arg [--pop-state] ==> ignore
    arg [-lc] ==> lib [c]
    arg [-lgcc] ==> lib [gcc]
    arg [--push-state] ==> ignore
    arg [--as-needed] ==> ignore
    arg [-lgcc_s] ==> lib [gcc_s]
    arg [--pop-state] ==> ignore
    arg [/usr/lib/gcc/x86_64-linux-gnu/7/crtendS.o] ==> ignore
    arg [/usr/lib/gcc/x86_64-linux-gnu/7/../../../x86_64-linux-gnu/crtn.o] ==> ignore
  collapse library dir [/usr/lib/gcc/x86_64-linux-gnu/7] ==> [/usr/lib/gcc/x86_64-linux-gnu/7]
  collapse library dir [/usr/lib/gcc/x86_64-linux-gnu/7/../../../x86_64-linux-gnu] ==> [/usr/lib/x86_64-linux-gnu]
  collapse library dir [/usr/lib/gcc/x86_64-linux-gnu/7/../../../../lib] ==> [/usr/lib]
  collapse library dir [/lib/x86_64-linux-gnu] ==> [/lib/x86_64-linux-gnu]
  collapse library dir [/lib/../lib] ==> [/lib]
  collapse library dir [/usr/lib/x86_64-linux-gnu] ==> [/usr/lib/x86_64-linux-gnu]
  collapse library dir [/usr/lib/../lib] ==> [/usr/lib]
  collapse library dir [/usr/lib/gcc/x86_64-linux-gnu/7/../../..] ==> [/usr/lib]
  implicit libs: [gcc;gcc_s;c;gcc;gcc_s]
  implicit dirs: [/usr/lib/gcc/x86_64-linux-gnu/7;/usr/lib/x86_64-linux-gnu;/usr/lib;/lib/x86_64-linux-gnu;/lib]
  implicit fwks: []




Detecting C [-std=c11] compiler features compiled with the following output:
Change Dir: /home/zhangjb/workspace/light-fm-95pvs/gpu_bxm_4_64/llvm-5935153/llvm.tblgen/CMakeFiles/CMakeTmp

Run Build Command:"/usr/bin/ninja" "cmTC_cf0a0"
[1/2] Building C object CMakeFiles/cmTC_cf0a0.dir/feature_tests.c.o
[2/2] Linking C executable cmTC_cf0a0


    Feature record: C_FEATURE:1c_function_prototypes
    Feature record: C_FEATURE:1c_restrict
    Feature record: C_FEATURE:1c_static_assert
    Feature record: C_FEATURE:1c_variadic_macros


Detecting C [-std=c99] compiler features compiled with the following output:
Change Dir: /home/zhangjb/workspace/light-fm-95pvs/gpu_bxm_4_64/llvm-5935153/llvm.tblgen/CMakeFiles/CMakeTmp

Run Build Command:"/usr/bin/ninja" "cmTC_4a1f3"
[1/2] Building C object CMakeFiles/cmTC_4a1f3.dir/feature_tests.c.o
[2/2] Linking C executable cmTC_4a1f3


    Feature record: C_FEATURE:1c_function_prototypes
    Feature record: C_FEATURE:1c_restrict
    Feature record: C_FEATURE:0c_static_assert
    Feature record: C_FEATURE:1c_variadic_macros


Detecting C [-std=c90] compiler features compiled with the following output:
Change Dir: /home/zhangjb/workspace/light-fm-95pvs/gpu_bxm_4_64/llvm-5935153/llvm.tblgen/CMakeFiles/CMakeTmp

Run Build Command:"/usr/bin/ninja" "cmTC_58be1"
[1/2] Building C object CMakeFiles/cmTC_58be1.dir/feature_tests.c.o
[2/2] Linking C executable cmTC_58be1


    Feature record: C_FEATURE:1c_function_prototypes
    Feature record: C_FEATURE:0c_restrict
    Feature record: C_FEATURE:0c_static_assert
    Feature record: C_FEATURE:0c_variadic_macros
Determining if the CXX compiler works passed with the following output:
Change Dir: /home/zhangjb/workspace/light-fm-95pvs/gpu_bxm_4_64/llvm-5935153/llvm.tblgen/CMakeFiles/CMakeTmp

Run Build Command:"/usr/bin/ninja" "cmTC_09856"
[1/2] Building CXX object CMakeFiles/cmTC_09856.dir/testCXXCompiler.cxx.o
[2/2] Linking CXX executable cmTC_09856


Detecting CXX compiler ABI info compiled with the following output:
Change Dir: /home/zhangjb/workspace/light-fm-95pvs/gpu_bxm_4_64/llvm-5935153/llvm.tblgen/CMakeFiles/CMakeTmp

Run Build Command:"/usr/bin/ninja" "cmTC_9947e"
[1/2] Building CXX object CMakeFiles/cmTC_9947e.dir/CMakeCXXCompilerABI.cpp.o
[2/2] Linking CXX executable cmTC_9947e
Using built-in specs.
COLLECT_GCC=/usr/bin/c++
COLLECT_LTO_WRAPPER=/usr/lib/gcc/x86_64-linux-gnu/7/lto-wrapper
OFFLOAD_TARGET_NAMES=nvptx-none
OFFLOAD_TARGET_DEFAULT=1
Target: x86_64-linux-gnu
Configured with: ../src/configure -v --with-pkgversion='Ubuntu 7.5.0-3ubuntu1~18.04' --with-bugurl=file:///usr/share/doc/gcc-7/README.Bugs --enable-languages=c,ada,c++,go,brig,d,fortran,objc,obj-c++ --prefix=/usr --with-gcc-major-version-only --program-suffix=-7 --program-prefix=x86_64-linux-gnu- --enable-shared --enable-linker-build-id --libexecdir=/usr/lib --without-included-gettext --enable-threads=posix --libdir=/usr/lib --enable-nls --enable-bootstrap --enable-clocale=gnu --enable-libstdcxx-debug --enable-libstdcxx-time=yes --with-default-libstdcxx-abi=new --enable-gnu-unique-object --disable-vtable-verify --enable-libmpx --enable-plugin --enable-default-pie --with-system-zlib --with-target-system-zlib --enable-objc-gc=auto --enable-multiarch --disable-werror --with-arch-32=i686 --with-abi=m64 --with-multilib-list=m32,m64,mx32 --enable-multilib --with-tune=generic --enable-offload-targets=nvptx-none --without-cuda-driver --enable-checking=release --build=x86_64-linux-gnu --host=x86_64-linux-gnu --target=x86_64-linux-gnu
Thread model: posix
gcc version 7.5.0 (Ubuntu 7.5.0-3ubuntu1~18.04) 
COMPILER_PATH=/usr/lib/gcc/x86_64-linux-gnu/7/:/usr/lib/gcc/x86_64-linux-gnu/7/:/usr/lib/gcc/x86_64-linux-gnu/:/usr/lib/gcc/x86_64-linux-gnu/7/:/usr/lib/gcc/x86_64-linux-gnu/
LIBRARY_PATH=/usr/lib/gcc/x86_64-linux-gnu/7/:/usr/lib/gcc/x86_64-linux-gnu/7/../../../x86_64-linux-gnu/:/usr/lib/gcc/x86_64-linux-gnu/7/../../../../lib/:/lib/x86_64-linux-gnu/:/lib/../lib/:/usr/lib/x86_64-linux-gnu/:/usr/lib/../lib/:/usr/lib/gcc/x86_64-linux-gnu/7/../../../:/lib/:/usr/lib/
COLLECT_GCC_OPTIONS='-v' '-o' 'cmTC_9947e' '-shared-libgcc' '-mtune=generic' '-march=x86-64'
 /usr/lib/gcc/x86_64-linux-gnu/7/collect2 -plugin /usr/lib/gcc/x86_64-linux-gnu/7/liblto_plugin.so -plugin-opt=/usr/lib/gcc/x86_64-linux-gnu/7/lto-wrapper -plugin-opt=-fresolution=/tmp/ccXyr4DL.res -plugin-opt=-pass-through=-lgcc_s -plugin-opt=-pass-through=-lgcc -plugin-opt=-pass-through=-lc -plugin-opt=-pass-through=-lgcc_s -plugin-opt=-pass-through=-lgcc --build-id --eh-frame-hdr -m elf_x86_64 --hash-style=gnu --as-needed -dynamic-linker /lib64/ld-linux-x86-64.so.2 -pie -z now -z relro -o cmTC_9947e /usr/lib/gcc/x86_64-linux-gnu/7/../../../x86_64-linux-gnu/Scrt1.o /usr/lib/gcc/x86_64-linux-gnu/7/../../../x86_64-linux-gnu/crti.o /usr/lib/gcc/x86_64-linux-gnu/7/crtbeginS.o -L/usr/lib/gcc/x86_64-linux-gnu/7 -L/usr/lib/gcc/x86_64-linux-gnu/7/../../../x86_64-linux-gnu -L/usr/lib/gcc/x86_64-linux-gnu/7/../../../../lib -L/lib/x86_64-linux-gnu -L/lib/../lib -L/usr/lib/x86_64-linux-gnu -L/usr/lib/../lib -L/usr/lib/gcc/x86_64-linux-gnu/7/../../.. CMakeFiles/cmTC_9947e.dir/CMakeCXXCompilerABI.cpp.o -lstdc++ -lm -lgcc_s -lgcc -lc -lgcc_s -lgcc /usr/lib/gcc/x86_64-linux-gnu/7/crtendS.o /usr/lib/gcc/x86_64-linux-gnu/7/../../../x86_64-linux-gnu/crtn.o
COLLECT_GCC_OPTIONS='-v' '-o' 'cmTC_9947e' '-shared-libgcc' '-mtune=generic' '-march=x86-64'


Parsed CXX implicit link information from above output:
  link line regex: [^( *|.*[/\])(ld|CMAKE_LINK_STARTFILE-NOTFOUND|([^/\]+-)?ld|collect2)[^/\]*( |$)]
  ignore line: [Change Dir: /home/zhangjb/workspace/light-fm-95pvs/gpu_bxm_4_64/llvm-5935153/llvm.tblgen/CMakeFiles/CMakeTmp]
  ignore line: []
  ignore line: [Run Build Command:"/usr/bin/ninja" "cmTC_9947e"]
  ignore line: [[1/2] Building CXX object CMakeFiles/cmTC_9947e.dir/CMakeCXXCompilerABI.cpp.o]
  ignore line: [[2/2] Linking CXX executable cmTC_9947e]
  ignore line: [Using built-in specs.]
  ignore line: [COLLECT_GCC=/usr/bin/c++]
  ignore line: [COLLECT_LTO_WRAPPER=/usr/lib/gcc/x86_64-linux-gnu/7/lto-wrapper]
  ignore line: [OFFLOAD_TARGET_NAMES=nvptx-none]
  ignore line: [OFFLOAD_TARGET_DEFAULT=1]
  ignore line: [Target: x86_64-linux-gnu]
  ignore line: [Configured with: ../src/configure -v --with-pkgversion='Ubuntu 7.5.0-3ubuntu1~18.04' --with-bugurl=file:///usr/share/doc/gcc-7/README.Bugs --enable-languages=c,ada,c++,go,brig,d,fortran,objc,obj-c++ --prefix=/usr --with-gcc-major-version-only --program-suffix=-7 --program-prefix=x86_64-linux-gnu- --enable-shared --enable-linker-build-id --libexecdir=/usr/lib --without-included-gettext --enable-threads=posix --libdir=/usr/lib --enable-nls --enable-bootstrap --enable-clocale=gnu --enable-libstdcxx-debug --enable-libstdcxx-time=yes --with-default-libstdcxx-abi=new --enable-gnu-unique-object --disable-vtable-verify --enable-libmpx --enable-plugin --enable-default-pie --with-system-zlib --with-target-system-zlib --enable-objc-gc=auto --enable-multiarch --disable-werror --with-arch-32=i686 --with-abi=m64 --with-multilib-list=m32,m64,mx32 --enable-multilib --with-tune=generic --enable-offload-targets=nvptx-none --without-cuda-driver --enable-checking=release --build=x86_64-linux-gnu --host=x86_64-linux-gnu --target=x86_64-linux-gnu]
  ignore line: [Thread model: posix]
  ignore line: [gcc version 7.5.0 (Ubuntu 7.5.0-3ubuntu1~18.04) ]
  ignore line: [COMPILER_PATH=/usr/lib/gcc/x86_64-linux-gnu/7/:/usr/lib/gcc/x86_64-linux-gnu/7/:/usr/lib/gcc/x86_64-linux-gnu/:/usr/lib/gcc/x86_64-linux-gnu/7/:/usr/lib/gcc/x86_64-linux-gnu/]
  ignore line: [LIBRARY_PATH=/usr/lib/gcc/x86_64-linux-gnu/7/:/usr/lib/gcc/x86_64-linux-gnu/7/../../../x86_64-linux-gnu/:/usr/lib/gcc/x86_64-linux-gnu/7/../../../../lib/:/lib/x86_64-linux-gnu/:/lib/../lib/:/usr/lib/x86_64-linux-gnu/:/usr/lib/../lib/:/usr/lib/gcc/x86_64-linux-gnu/7/../../../:/lib/:/usr/lib/]
  ignore line: [COLLECT_GCC_OPTIONS='-v' '-o' 'cmTC_9947e' '-shared-libgcc' '-mtune=generic' '-march=x86-64']
  link line: [ /usr/lib/gcc/x86_64-linux-gnu/7/collect2 -plugin /usr/lib/gcc/x86_64-linux-gnu/7/liblto_plugin.so -plugin-opt=/usr/lib/gcc/x86_64-linux-gnu/7/lto-wrapper -plugin-opt=-fresolution=/tmp/ccXyr4DL.res -plugin-opt=-pass-through=-lgcc_s -plugin-opt=-pass-through=-lgcc -plugin-opt=-pass-through=-lc -plugin-opt=-pass-through=-lgcc_s -plugin-opt=-pass-through=-lgcc --build-id --eh-frame-hdr -m elf_x86_64 --hash-style=gnu --as-needed -dynamic-linker /lib64/ld-linux-x86-64.so.2 -pie -z now -z relro -o cmTC_9947e /usr/lib/gcc/x86_64-linux-gnu/7/../../../x86_64-linux-gnu/Scrt1.o /usr/lib/gcc/x86_64-linux-gnu/7/../../../x86_64-linux-gnu/crti.o /usr/lib/gcc/x86_64-linux-gnu/7/crtbeginS.o -L/usr/lib/gcc/x86_64-linux-gnu/7 -L/usr/lib/gcc/x86_64-linux-gnu/7/../../../x86_64-linux-gnu -L/usr/lib/gcc/x86_64-linux-gnu/7/../../../../lib -L/lib/x86_64-linux-gnu -L/lib/../lib -L/usr/lib/x86_64-linux-gnu -L/usr/lib/../lib -L/usr/lib/gcc/x86_64-linux-gnu/7/../../.. CMakeFiles/cmTC_9947e.dir/CMakeCXXCompilerABI.cpp.o -lstdc++ -lm -lgcc_s -lgcc -lc -lgcc_s -lgcc /usr/lib/gcc/x86_64-linux-gnu/7/crtendS.o /usr/lib/gcc/x86_64-linux-gnu/7/../../../x86_64-linux-gnu/crtn.o]
    arg [/usr/lib/gcc/x86_64-linux-gnu/7/collect2] ==> ignore
    arg [-plugin] ==> ignore
    arg [/usr/lib/gcc/x86_64-linux-gnu/7/liblto_plugin.so] ==> ignore
    arg [-plugin-opt=/usr/lib/gcc/x86_64-linux-gnu/7/lto-wrapper] ==> ignore
    arg [-plugin-opt=-fresolution=/tmp/ccXyr4DL.res] ==> ignore
    arg [-plugin-opt=-pass-through=-lgcc_s] ==> ignore
    arg [-plugin-opt=-pass-through=-lgcc] ==> ignore
    arg [-plugin-opt=-pass-through=-lc] ==> ignore
    arg [-plugin-opt=-pass-through=-lgcc_s] ==> ignore
    arg [-plugin-opt=-pass-through=-lgcc] ==> ignore
    arg [--build-id] ==> ignore
    arg [--eh-frame-hdr] ==> ignore
    arg [-m] ==> ignore
    arg [elf_x86_64] ==> ignore
    arg [--hash-style=gnu] ==> ignore
    arg [--as-needed] ==> ignore
    arg [-dynamic-linker] ==> ignore
    arg [/lib64/ld-linux-x86-64.so.2] ==> ignore
    arg [-pie] ==> ignore
    arg [-znow] ==> ignore
    arg [-zrelro] ==> ignore
    arg [-o] ==> ignore
    arg [cmTC_9947e] ==> ignore
    arg [/usr/lib/gcc/x86_64-linux-gnu/7/../../../x86_64-linux-gnu/Scrt1.o] ==> ignore
    arg [/usr/lib/gcc/x86_64-linux-gnu/7/../../../x86_64-linux-gnu/crti.o] ==> ignore
    arg [/usr/lib/gcc/x86_64-linux-gnu/7/crtbeginS.o] ==> ignore
    arg [-L/usr/lib/gcc/x86_64-linux-gnu/7] ==> dir [/usr/lib/gcc/x86_64-linux-gnu/7]
    arg [-L/usr/lib/gcc/x86_64-linux-gnu/7/../../../x86_64-linux-gnu] ==> dir [/usr/lib/gcc/x86_64-linux-gnu/7/../../../x86_64-linux-gnu]
    arg [-L/usr/lib/gcc/x86_64-linux-gnu/7/../../../../lib] ==> dir [/usr/lib/gcc/x86_64-linux-gnu/7/../../../../lib]
    arg [-L/lib/x86_64-linux-gnu] ==> dir [/lib/x86_64-linux-gnu]
    arg [-L/lib/../lib] ==> dir [/lib/../lib]
    arg [-L/usr/lib/x86_64-linux-gnu] ==> dir [/usr/lib/x86_64-linux-gnu]
    arg [-L/usr/lib/../lib] ==> dir [/usr/lib/../lib]
    arg [-L/usr/lib/gcc/x86_64-linux-gnu/7/../../..] ==> dir [/usr/lib/gcc/x86_64-linux-gnu/7/../../..]
    arg [CMakeFiles/cmTC_9947e.dir/CMakeCXXCompilerABI.cpp.o] ==> ignore
    arg [-lstdc++] ==> lib [stdc++]
    arg [-lm] ==> lib [m]
    arg [-lgcc_s] ==> lib [gcc_s]
    arg [-lgcc] ==> lib [gcc]
    arg [-lc] ==> lib [c]
    arg [-lgcc_s] ==> lib [gcc_s]
    arg [-lgcc] ==> lib [gcc]
    arg [/usr/lib/gcc/x86_64-linux-gnu/7/crtendS.o] ==> ignore
    arg [/usr/lib/gcc/x86_64-linux-gnu/7/../../../x86_64-linux-gnu/crtn.o] ==> ignore
  collapse library dir [/usr/lib/gcc/x86_64-linux-gnu/7] ==> [/usr/lib/gcc/x86_64-linux-gnu/7]
  collapse library dir [/usr/lib/gcc/x86_64-linux-gnu/7/../../../x86_64-linux-gnu] ==> [/usr/lib/x86_64-linux-gnu]
  collapse library dir [/usr/lib/gcc/x86_64-linux-gnu/7/../../../../lib] ==> [/usr/lib]
  collapse library dir [/lib/x86_64-linux-gnu] ==> [/lib/x86_64-linux-gnu]
  collapse library dir [/lib/../lib] ==> [/lib]
  collapse library dir [/usr/lib/x86_64-linux-gnu] ==> [/usr/lib/x86_64-linux-gnu]
  collapse library dir [/usr/lib/../lib] ==> [/usr/lib]
  collapse library dir [/usr/lib/gcc/x86_64-linux-gnu/7/../../..] ==> [/usr/lib]
  implicit libs: [stdc++;m;gcc_s;gcc;c;gcc_s;gcc]
  implicit dirs: [/usr/lib/gcc/x86_64-linux-gnu/7;/usr/lib/x86_64-linux-gnu;/usr/lib;/lib/x86_64-linux-gnu;/lib]
  implicit fwks: []




Detecting CXX [-std=c++1z] compiler features compiled with the following output:
Change Dir: /home/zhangjb/workspace/light-fm-95pvs/gpu_bxm_4_64/llvm-5935153/llvm.tblgen/CMakeFiles/CMakeTmp

Run Build Command:"/usr/bin/ninja" "cmTC_73166"
[1/2] Building CXX object CMakeFiles/cmTC_73166.dir/feature_tests.cxx.o
[2/2] Linking CXX executable cmTC_73166


    Feature record: CXX_FEATURE:1cxx_aggregate_default_initializers
    Feature record: CXX_FEATURE:1cxx_alias_templates
    Feature record: CXX_FEATURE:1cxx_alignas
    Feature record: CXX_FEATURE:1cxx_alignof
    Feature record: CXX_FEATURE:1cxx_attributes
    Feature record: CXX_FEATURE:1cxx_attribute_deprecated
    Feature record: CXX_FEATURE:1cxx_auto_type
    Feature record: CXX_FEATURE:1cxx_binary_literals
    Feature record: CXX_FEATURE:1cxx_constexpr
    Feature record: CXX_FEATURE:1cxx_contextual_conversions
    Feature record: CXX_FEATURE:1cxx_decltype
    Feature record: CXX_FEATURE:1cxx_decltype_auto
    Feature record: CXX_FEATURE:1cxx_decltype_incomplete_return_types
    Feature record: CXX_FEATURE:1cxx_default_function_template_args
    Feature record: CXX_FEATURE:1cxx_defaulted_functions
    Feature record: CXX_FEATURE:1cxx_defaulted_move_initializers
    Feature record: CXX_FEATURE:1cxx_delegating_constructors
    Feature record: CXX_FEATURE:1cxx_deleted_functions
    Feature record: CXX_FEATURE:1cxx_digit_separators
    Feature record: CXX_FEATURE:1cxx_enum_forward_declarations
    Feature record: CXX_FEATURE:1cxx_explicit_conversions
    Feature record: CXX_FEATURE:1cxx_extended_friend_declarations
    Feature record: CXX_FEATURE:1cxx_extern_templates
    Feature record: CXX_FEATURE:1cxx_final
    Feature record: CXX_FEATURE:1cxx_func_identifier
    Feature record: CXX_FEATURE:1cxx_generalized_initializers
    Feature record: CXX_FEATURE:1cxx_generic_lambdas
    Feature record: CXX_FEATURE:1cxx_inheriting_constructors
    Feature record: CXX_FEATURE:1cxx_inline_namespaces
    Feature record: CXX_FEATURE:1cxx_lambdas
    Feature record: CXX_FEATURE:1cxx_lambda_init_captures
    Feature record: CXX_FEATURE:1cxx_local_type_template_args
    Feature record: CXX_FEATURE:1cxx_long_long_type
    Feature record: CXX_FEATURE:1cxx_noexcept
    Feature record: CXX_FEATURE:1cxx_nonstatic_member_init
    Feature record: CXX_FEATURE:1cxx_nullptr
    Feature record: CXX_FEATURE:1cxx_override
    Feature record: CXX_FEATURE:1cxx_range_for
    Feature record: CXX_FEATURE:1cxx_raw_string_literals
    Feature record: CXX_FEATURE:1cxx_reference_qualified_functions
    Feature record: CXX_FEATURE:1cxx_relaxed_constexpr
    Feature record: CXX_FEATURE:1cxx_return_type_deduction
    Feature record: CXX_FEATURE:1cxx_right_angle_brackets
    Feature record: CXX_FEATURE:1cxx_rvalue_references
    Feature record: CXX_FEATURE:1cxx_sizeof_member
    Feature record: CXX_FEATURE:1cxx_static_assert
    Feature record: CXX_FEATURE:1cxx_strong_enums
    Feature record: CXX_FEATURE:1cxx_template_template_parameters
    Feature record: CXX_FEATURE:1cxx_thread_local
    Feature record: CXX_FEATURE:1cxx_trailing_return_types
    Feature record: CXX_FEATURE:1cxx_unicode_literals
    Feature record: CXX_FEATURE:1cxx_uniform_initialization
    Feature record: CXX_FEATURE:1cxx_unrestricted_unions
    Feature record: CXX_FEATURE:1cxx_user_literals
    Feature record: CXX_FEATURE:1cxx_variable_templates
    Feature record: CXX_FEATURE:1cxx_variadic_macros
    Feature record: CXX_FEATURE:1cxx_variadic_templates


Detecting CXX [-std=c++14] compiler features compiled with the following output:
Change Dir: /home/zhangjb/workspace/light-fm-95pvs/gpu_bxm_4_64/llvm-5935153/llvm.tblgen/CMakeFiles/CMakeTmp

Run Build Command:"/usr/bin/ninja" "cmTC_c05ba"
[1/2] Building CXX object CMakeFiles/cmTC_c05ba.dir/feature_tests.cxx.o
[2/2] Linking CXX executable cmTC_c05ba


    Feature record: CXX_FEATURE:1cxx_aggregate_default_initializers
    Feature record: CXX_FEATURE:1cxx_alias_templates
    Feature record: CXX_FEATURE:1cxx_alignas
    Feature record: CXX_FEATURE:1cxx_alignof
    Feature record: CXX_FEATURE:1cxx_attributes
    Feature record: CXX_FEATURE:1cxx_attribute_deprecated
    Feature record: CXX_FEATURE:1cxx_auto_type
    Feature record: CXX_FEATURE:1cxx_binary_literals
    Feature record: CXX_FEATURE:1cxx_constexpr
    Feature record: CXX_FEATURE:1cxx_contextual_conversions
    Feature record: CXX_FEATURE:1cxx_decltype
    Feature record: CXX_FEATURE:1cxx_decltype_auto
    Feature record: CXX_FEATURE:1cxx_decltype_incomplete_return_types
    Feature record: CXX_FEATURE:1cxx_default_function_template_args
    Feature record: CXX_FEATURE:1cxx_defaulted_functions
    Feature record: CXX_FEATURE:1cxx_defaulted_move_initializers
    Feature record: CXX_FEATURE:1cxx_delegating_constructors
    Feature record: CXX_FEATURE:1cxx_deleted_functions
    Feature record: CXX_FEATURE:1cxx_digit_separators
    Feature record: CXX_FEATURE:1cxx_enum_forward_declarations
    Feature record: CXX_FEATURE:1cxx_explicit_conversions
    Feature record: CXX_FEATURE:1cxx_extended_friend_declarations
    Feature record: CXX_FEATURE:1cxx_extern_templates
    Feature record: CXX_FEATURE:1cxx_final
    Feature record: CXX_FEATURE:1cxx_func_identifier
    Feature record: CXX_FEATURE:1cxx_generalized_initializers
    Feature record: CXX_FEATURE:1cxx_generic_lambdas
    Feature record: CXX_FEATURE:1cxx_inheriting_constructors
    Feature record: CXX_FEATURE:1cxx_inline_namespaces
    Feature record: CXX_FEATURE:1cxx_lambdas
    Feature record: CXX_FEATURE:1cxx_lambda_init_captures
    Feature record: CXX_FEATURE:1cxx_local_type_template_args
    Feature record: CXX_FEATURE:1cxx_long_long_type
    Feature record: CXX_FEATURE:1cxx_noexcept
    Feature record: CXX_FEATURE:1cxx_nonstatic_member_init
    Feature record: CXX_FEATURE:1cxx_nullptr
    Feature record: CXX_FEATURE:1cxx_override
    Feature record: CXX_FEATURE:1cxx_range_for
    Feature record: CXX_FEATURE:1cxx_raw_string_literals
    Feature record: CXX_FEATURE:1cxx_reference_qualified_functions
    Feature record: CXX_FEATURE:1cxx_relaxed_constexpr
    Feature record: CXX_FEATURE:1cxx_return_type_deduction
    Feature record: CXX_FEATURE:1cxx_right_angle_brackets
    Feature record: CXX_FEATURE:1cxx_rvalue_references
    Feature record: CXX_FEATURE:1cxx_sizeof_member
    Feature record: CXX_FEATURE:1cxx_static_assert
    Feature record: CXX_FEATURE:1cxx_strong_enums
    Feature record: CXX_FEATURE:1cxx_template_template_parameters
    Feature record: CXX_FEATURE:1cxx_thread_local
    Feature record: CXX_FEATURE:1cxx_trailing_return_types
    Feature record: CXX_FEATURE:1cxx_unicode_literals
    Feature record: CXX_FEATURE:1cxx_uniform_initialization
    Feature record: CXX_FEATURE:1cxx_unrestricted_unions
    Feature record: CXX_FEATURE:1cxx_user_literals
    Feature record: CXX_FEATURE:1cxx_variable_templates
    Feature record: CXX_FEATURE:1cxx_variadic_macros
    Feature record: CXX_FEATURE:1cxx_variadic_templates


Detecting CXX [-std=c++11] compiler features compiled with the following output:
Change Dir: /home/zhangjb/workspace/light-fm-95pvs/gpu_bxm_4_64/llvm-5935153/llvm.tblgen/CMakeFiles/CMakeTmp

Run Build Command:"/usr/bin/ninja" "cmTC_f2fc0"
[1/2] Building CXX object CMakeFiles/cmTC_f2fc0.dir/feature_tests.cxx.o
[2/2] Linking CXX executable cmTC_f2fc0


    Feature record: CXX_FEATURE:0cxx_aggregate_default_initializers
    Feature record: CXX_FEATURE:1cxx_alias_templates
    Feature record: CXX_FEATURE:1cxx_alignas
    Feature record: CXX_FEATURE:1cxx_alignof
    Feature record: CXX_FEATURE:1cxx_attributes
    Feature record: CXX_FEATURE:0cxx_attribute_deprecated
    Feature record: CXX_FEATURE:1cxx_auto_type
    Feature record: CXX_FEATURE:0cxx_binary_literals
    Feature record: CXX_FEATURE:1cxx_constexpr
    Feature record: CXX_FEATURE:0cxx_contextual_conversions
    Feature record: CXX_FEATURE:1cxx_decltype
    Feature record: CXX_FEATURE:0cxx_decltype_auto
    Feature record: CXX_FEATURE:1cxx_decltype_incomplete_return_types
    Feature record: CXX_FEATURE:1cxx_default_function_template_args
    Feature record: CXX_FEATURE:1cxx_defaulted_functions
    Feature record: CXX_FEATURE:1cxx_defaulted_move_initializers
    Feature record: CXX_FEATURE:1cxx_delegating_constructors
    Feature record: CXX_FEATURE:1cxx_deleted_functions
    Feature record: CXX_FEATURE:0cxx_digit_separators
    Feature record: CXX_FEATURE:1cxx_enum_forward_declarations
    Feature record: CXX_FEATURE:1cxx_explicit_conversions
    Feature record: CXX_FEATURE:1cxx_extended_friend_declarations
    Feature record: CXX_FEATURE:1cxx_extern_templates
    Feature record: CXX_FEATURE:1cxx_final
    Feature record: CXX_FEATURE:1cxx_func_identifier
    Feature record: CXX_FEATURE:1cxx_generalized_initializers
    Feature record: CXX_FEATURE:0cxx_generic_lambdas
    Feature record: CXX_FEATURE:1cxx_inheriting_constructors
    Feature record: CXX_FEATURE:1cxx_inline_namespaces
    Feature record: CXX_FEATURE:1cxx_lambdas
    Feature record: CXX_FEATURE:0cxx_lambda_init_captures
    Feature record: CXX_FEATURE:1cxx_local_type_template_args
    Feature record: CXX_FEATURE:1cxx_long_long_type
    Feature record: CXX_FEATURE:1cxx_noexcept
    Feature record: CXX_FEATURE:1cxx_nonstatic_member_init
    Feature record: CXX_FEATURE:1cxx_nullptr
    Feature record: CXX_FEATURE:1cxx_override
    Feature record: CXX_FEATURE:1cxx_range_for
    Feature record: CXX_FEATURE:1cxx_raw_string_literals
    Feature record: CXX_FEATURE:1cxx_reference_qualified_functions
    Feature record: CXX_FEATURE:0cxx_relaxed_constexpr
    Feature record: CXX_FEATURE:0cxx_return_type_deduction
    Feature record: CXX_FEATURE:1cxx_right_angle_brackets
    Feature record: CXX_FEATURE:1cxx_rvalue_references
    Feature record: CXX_FEATURE:1cxx_sizeof_member
    Feature record: CXX_FEATURE:1cxx_static_assert
    Feature record: CXX_FEATURE:1cxx_strong_enums
    Feature record: CXX_FEATURE:1cxx_template_template_parameters
    Feature record: CXX_FEATURE:1cxx_thread_local
    Feature record: CXX_FEATURE:1cxx_trailing_return_types
    Feature record: CXX_FEATURE:1cxx_unicode_literals
    Feature record: CXX_FEATURE:1cxx_uniform_initialization
    Feature record: CXX_FEATURE:1cxx_unrestricted_unions
    Feature record: CXX_FEATURE:1cxx_user_literals
    Feature record: CXX_FEATURE:0cxx_variable_templates
    Feature record: CXX_FEATURE:1cxx_variadic_macros
    Feature record: CXX_FEATURE:1cxx_variadic_templates


Detecting CXX [-std=c++98] compiler features compiled with the following output:
Change Dir: /home/zhangjb/workspace/light-fm-95pvs/gpu_bxm_4_64/llvm-5935153/llvm.tblgen/CMakeFiles/CMakeTmp

Run Build Command:"/usr/bin/ninja" "cmTC_1deb2"
[1/2] Building CXX object CMakeFiles/cmTC_1deb2.dir/feature_tests.cxx.o
[2/2] Linking CXX executable cmTC_1deb2


    Feature record: CXX_FEATURE:0cxx_aggregate_default_initializers
    Feature record: CXX_FEATURE:0cxx_alias_templates
    Feature record: CXX_FEATURE:0cxx_alignas
    Feature record: CXX_FEATURE:0cxx_alignof
    Feature record: CXX_FEATURE:0cxx_attributes
    Feature record: CXX_FEATURE:0cxx_attribute_deprecated
    Feature record: CXX_FEATURE:0cxx_auto_type
    Feature record: CXX_FEATURE:0cxx_binary_literals
    Feature record: CXX_FEATURE:0cxx_constexpr
    Feature record: CXX_FEATURE:0cxx_contextual_conversions
    Feature record: CXX_FEATURE:0cxx_decltype
    Feature record: CXX_FEATURE:0cxx_decltype_auto
    Feature record: CXX_FEATURE:0cxx_decltype_incomplete_return_types
    Feature record: CXX_FEATURE:0cxx_default_function_template_args
    Feature record: CXX_FEATURE:0cxx_defaulted_functions
    Feature record: CXX_FEATURE:0cxx_defaulted_move_initializers
    Feature record: CXX_FEATURE:0cxx_delegating_constructors
    Feature record: CXX_FEATURE:0cxx_deleted_functions
    Feature record: CXX_FEATURE:0cxx_digit_separators
    Feature record: CXX_FEATURE:0cxx_enum_forward_declarations
    Feature record: CXX_FEATURE:0cxx_explicit_conversions
    Feature record: CXX_FEATURE:0cxx_extended_friend_declarations
    Feature record: CXX_FEATURE:0cxx_extern_templates
    Feature record: CXX_FEATURE:0cxx_final
    Feature record: CXX_FEATURE:0cxx_func_identifier
    Feature record: CXX_FEATURE:0cxx_generalized_initializers
    Feature record: CXX_FEATURE:0cxx_generic_lambdas
    Feature record: CXX_FEATURE:0cxx_inheriting_constructors
    Feature record: CXX_FEATURE:0cxx_inline_namespaces
    Feature record: CXX_FEATURE:0cxx_lambdas
    Feature record: CXX_FEATURE:0cxx_lambda_init_captures
    Feature record: CXX_FEATURE:0cxx_local_type_template_args
    Feature record: CXX_FEATURE:0cxx_long_long_type
    Feature record: CXX_FEATURE:0cxx_noexcept
    Feature record: CXX_FEATURE:0cxx_nonstatic_member_init
    Feature record: CXX_FEATURE:0cxx_nullptr
    Feature record: CXX_FEATURE:0cxx_override
    Feature record: CXX_FEATURE:0cxx_range_for
    Feature record: CXX_FEATURE:0cxx_raw_string_literals
    Feature record: CXX_FEATURE:0cxx_reference_qualified_functions
    Feature record: CXX_FEATURE:0cxx_relaxed_constexpr
    Feature record: CXX_FEATURE:0cxx_return_type_deduction
    Feature record: CXX_FEATURE:0cxx_right_angle_brackets
    Feature record: CXX_FEATURE:0cxx_rvalue_references
    Feature record: CXX_FEATURE:0cxx_sizeof_member
    Feature record: CXX_FEATURE:0cxx_static_assert
    Feature record: CXX_FEATURE:0cxx_strong_enums
    Feature record: CXX_FEATURE:1cxx_template_template_parameters
    Feature record: CXX_FEATURE:0cxx_thread_local
    Feature record: CXX_FEATURE:0cxx_trailing_return_types
    Feature record: CXX_FEATURE:0cxx_unicode_literals
    Feature record: CXX_FEATURE:0cxx_uniform_initialization
    Feature record: CXX_FEATURE:0cxx_unrestricted_unions
    Feature record: CXX_FEATURE:0cxx_user_literals
    Feature record: CXX_FEATURE:0cxx_variable_templates
    Feature record: CXX_FEATURE:0cxx_variadic_macros
    Feature record: CXX_FEATURE:0cxx_variadic_templates
Determining if the include file dlfcn.h exists passed with the following output:
Change Dir: /home/zhangjb/workspace/light-fm-95pvs/gpu_bxm_4_64/llvm-5935153/llvm.tblgen/CMakeFiles/CMakeTmp

Run Build Command:"/usr/bin/ninja" "cmTC_c6293"
[1/2] Building C object CMakeFiles/cmTC_c6293.dir/CheckIncludeFile.c.o
[2/2] Linking C executable cmTC_c6293


Determining if the include file errno.h exists passed with the following output:
Change Dir: /home/zhangjb/workspace/light-fm-95pvs/gpu_bxm_4_64/llvm-5935153/llvm.tblgen/CMakeFiles/CMakeTmp

Run Build Command:"/usr/bin/ninja" "cmTC_03754"
[1/2] Building C object CMakeFiles/cmTC_03754.dir/CheckIncludeFile.c.o
[2/2] Linking C executable cmTC_03754


Determining if the include file fcntl.h exists passed with the following output:
Change Dir: /home/zhangjb/workspace/light-fm-95pvs/gpu_bxm_4_64/llvm-5935153/llvm.tblgen/CMakeFiles/CMakeTmp

Run Build Command:"/usr/bin/ninja" "cmTC_e8eab"
[1/2] Building C object CMakeFiles/cmTC_e8eab.dir/CheckIncludeFile.c.o
[2/2] Linking C executable cmTC_e8eab


Determining if the include file link.h exists passed with the following output:
Change Dir: /home/zhangjb/workspace/light-fm-95pvs/gpu_bxm_4_64/llvm-5935153/llvm.tblgen/CMakeFiles/CMakeTmp

Run Build Command:"/usr/bin/ninja" "cmTC_66f21"
[1/2] Building C object CMakeFiles/cmTC_66f21.dir/CheckIncludeFile.c.o
[2/2] Linking C executable cmTC_66f21


Determining if the include file pthread.h exists passed with the following output:
Change Dir: /home/zhangjb/workspace/light-fm-95pvs/gpu_bxm_4_64/llvm-5935153/llvm.tblgen/CMakeFiles/CMakeTmp

Run Build Command:"/usr/bin/ninja" "cmTC_cb463"
[1/2] Building C object CMakeFiles/cmTC_cb463.dir/CheckIncludeFile.c.o
[2/2] Linking C executable cmTC_cb463


Determining if the include file signal.h exists passed with the following output:
Change Dir: /home/zhangjb/workspace/light-fm-95pvs/gpu_bxm_4_64/llvm-5935153/llvm.tblgen/CMakeFiles/CMakeTmp

Run Build Command:"/usr/bin/ninja" "cmTC_b4563"
[1/2] Building C object CMakeFiles/cmTC_b4563.dir/CheckIncludeFile.c.o
[2/2] Linking C executable cmTC_b4563


Determining if the include file sys/ioctl.h exists passed with the following output:
Change Dir: /home/zhangjb/workspace/light-fm-95pvs/gpu_bxm_4_64/llvm-5935153/llvm.tblgen/CMakeFiles/CMakeTmp

Run Build Command:"/usr/bin/ninja" "cmTC_50c42"
[1/2] Building C object CMakeFiles/cmTC_50c42.dir/CheckIncludeFile.c.o
[2/2] Linking C executable cmTC_50c42


Determining if the include file sys/mman.h exists passed with the following output:
Change Dir: /home/zhangjb/workspace/light-fm-95pvs/gpu_bxm_4_64/llvm-5935153/llvm.tblgen/CMakeFiles/CMakeTmp

Run Build Command:"/usr/bin/ninja" "cmTC_879c4"
[1/2] Building C object CMakeFiles/cmTC_879c4.dir/CheckIncludeFile.c.o
[2/2] Linking C executable cmTC_879c4


Determining if the include file sys/param.h exists passed with the following output:
Change Dir: /home/zhangjb/workspace/light-fm-95pvs/gpu_bxm_4_64/llvm-5935153/llvm.tblgen/CMakeFiles/CMakeTmp

Run Build Command:"/usr/bin/ninja" "cmTC_d1bb1"
[1/2] Building C object CMakeFiles/cmTC_d1bb1.dir/CheckIncludeFile.c.o
[2/2] Linking C executable cmTC_d1bb1


Determining if the include file sys/resource.h exists passed with the following output:
Change Dir: /home/zhangjb/workspace/light-fm-95pvs/gpu_bxm_4_64/llvm-5935153/llvm.tblgen/CMakeFiles/CMakeTmp

Run Build Command:"/usr/bin/ninja" "cmTC_abd4b"
[1/2] Building C object CMakeFiles/cmTC_abd4b.dir/CheckIncludeFile.c.o
[2/2] Linking C executable cmTC_abd4b


Determining if the include file sys/stat.h exists passed with the following output:
Change Dir: /home/zhangjb/workspace/light-fm-95pvs/gpu_bxm_4_64/llvm-5935153/llvm.tblgen/CMakeFiles/CMakeTmp

Run Build Command:"/usr/bin/ninja" "cmTC_d7f2e"
[1/2] Building C object CMakeFiles/cmTC_d7f2e.dir/CheckIncludeFile.c.o
[2/2] Linking C executable cmTC_d7f2e


Determining if the include file sys/time.h exists passed with the following output:
Change Dir: /home/zhangjb/workspace/light-fm-95pvs/gpu_bxm_4_64/llvm-5935153/llvm.tblgen/CMakeFiles/CMakeTmp

Run Build Command:"/usr/bin/ninja" "cmTC_5ac58"
[1/2] Building C object CMakeFiles/cmTC_5ac58.dir/CheckIncludeFile.c.o
[2/2] Linking C executable cmTC_5ac58


Determining if the include file sys/types.h exists passed with the following output:
Change Dir: /home/zhangjb/workspace/light-fm-95pvs/gpu_bxm_4_64/llvm-5935153/llvm.tblgen/CMakeFiles/CMakeTmp

Run Build Command:"/usr/bin/ninja" "cmTC_6f62e"
[1/2] Building C object CMakeFiles/cmTC_6f62e.dir/CheckIncludeFile.c.o
[2/2] Linking C executable cmTC_6f62e


Determining if the include file termios.h exists passed with the following output:
Change Dir: /home/zhangjb/workspace/light-fm-95pvs/gpu_bxm_4_64/llvm-5935153/llvm.tblgen/CMakeFiles/CMakeTmp

Run Build Command:"/usr/bin/ninja" "cmTC_09a85"
[1/2] Building C object CMakeFiles/cmTC_09a85.dir/CheckIncludeFile.c.o
[2/2] Linking C executable cmTC_09a85


Determining if the include file unistd.h exists passed with the following output:
Change Dir: /home/zhangjb/workspace/light-fm-95pvs/gpu_bxm_4_64/llvm-5935153/llvm.tblgen/CMakeFiles/CMakeTmp

Run Build Command:"/usr/bin/ninja" "cmTC_cc65d"
[1/2] Building C object CMakeFiles/cmTC_cc65d.dir/CheckIncludeFile.c.o
[2/2] Linking C executable cmTC_cc65d


Determining if the include file zlib.h exists passed with the following output:
Change Dir: /home/zhangjb/workspace/light-fm-95pvs/gpu_bxm_4_64/llvm-5935153/llvm.tblgen/CMakeFiles/CMakeTmp

Run Build Command:"/usr/bin/ninja" "cmTC_7041f"
[1/2] Building C object CMakeFiles/cmTC_7041f.dir/CheckIncludeFile.c.o
[2/2] Linking C executable cmTC_7041f


Determining if the include file fenv.h exists passed with the following output:
Change Dir: /home/zhangjb/workspace/light-fm-95pvs/gpu_bxm_4_64/llvm-5935153/llvm.tblgen/CMakeFiles/CMakeTmp

Run Build Command:"/usr/bin/ninja" "cmTC_6227f"
[1/2] Building C object CMakeFiles/cmTC_6227f.dir/CheckIncludeFile.c.o
[2/2] Linking C executable cmTC_6227f


Determining if the FE_ALL_EXCEPT exist passed with the following output:
Change Dir: /home/zhangjb/workspace/light-fm-95pvs/gpu_bxm_4_64/llvm-5935153/llvm.tblgen/CMakeFiles/CMakeTmp

Run Build Command:"/usr/bin/ninja" "cmTC_ecf8b"
[1/2] Building C object CMakeFiles/cmTC_ecf8b.dir/CheckSymbolExists.c.o
[2/2] Linking C executable cmTC_ecf8b

File /home/zhangjb/workspace/light-fm-95pvs/gpu_bxm_4_64/llvm-5935153/llvm.tblgen/CMakeFiles/CMakeTmp/CheckSymbolExists.c:
/* */
#include <fenv.h>

int main(int argc, char** argv)
{
  (void)argv;
#ifndef FE_ALL_EXCEPT
  return ((int*)(&FE_ALL_EXCEPT))[argc];
#else
  (void)argc;
  return 0;
#endif
}

Determining if the FE_INEXACT exist passed with the following output:
Change Dir: /home/zhangjb/workspace/light-fm-95pvs/gpu_bxm_4_64/llvm-5935153/llvm.tblgen/CMakeFiles/CMakeTmp

Run Build Command:"/usr/bin/ninja" "cmTC_ebb9d"
[1/2] Building C object CMakeFiles/cmTC_ebb9d.dir/CheckSymbolExists.c.o
[2/2] Linking C executable cmTC_ebb9d

File /home/zhangjb/workspace/light-fm-95pvs/gpu_bxm_4_64/llvm-5935153/llvm.tblgen/CMakeFiles/CMakeTmp/CheckSymbolExists.c:
/* */
#include <fenv.h>

int main(int argc, char** argv)
{
  (void)argv;
#ifndef FE_INEXACT
  return ((int*)(&FE_INEXACT))[argc];
#else
  (void)argc;
  return 0;
#endif
}

Determining if the include file linux/magic.h exists passed with the following output:
Change Dir: /home/zhangjb/workspace/light-fm-95pvs/gpu_bxm_4_64/llvm-5935153/llvm.tblgen/CMakeFiles/CMakeTmp

Run Build Command:"/usr/bin/ninja" "cmTC_82657"
[1/2] Building C object CMakeFiles/cmTC_82657.dir/CheckIncludeFile.c.o
[2/2] Linking C executable cmTC_82657


Determining if the function pthread_create exists in the pthread passed with the following output:
Change Dir: /home/zhangjb/workspace/light-fm-95pvs/gpu_bxm_4_64/llvm-5935153/llvm.tblgen/CMakeFiles/CMakeTmp

Run Build Command:"/usr/bin/ninja" "cmTC_9e933"
[1/2] Building C object CMakeFiles/cmTC_9e933.dir/CheckFunctionExists.c.o
[2/2] Linking C executable cmTC_9e933


Determining if the function pthread_getspecific exists in the pthread passed with the following output:
Change Dir: /home/zhangjb/workspace/light-fm-95pvs/gpu_bxm_4_64/llvm-5935153/llvm.tblgen/CMakeFiles/CMakeTmp

Run Build Command:"/usr/bin/ninja" "cmTC_1bccb"
[1/2] Building C object CMakeFiles/cmTC_1bccb.dir/CheckFunctionExists.c.o
[2/2] Linking C executable cmTC_1bccb


Determining if the function pthread_rwlock_init exists in the pthread passed with the following output:
Change Dir: /home/zhangjb/workspace/light-fm-95pvs/gpu_bxm_4_64/llvm-5935153/llvm.tblgen/CMakeFiles/CMakeTmp

Run Build Command:"/usr/bin/ninja" "cmTC_1c5bd"
[1/2] Building C object CMakeFiles/cmTC_1c5bd.dir/CheckFunctionExists.c.o
[2/2] Linking C executable cmTC_1c5bd


Determining if the function pthread_mutex_lock exists in the pthread passed with the following output:
Change Dir: /home/zhangjb/workspace/light-fm-95pvs/gpu_bxm_4_64/llvm-5935153/llvm.tblgen/CMakeFiles/CMakeTmp

Run Build Command:"/usr/bin/ninja" "cmTC_f7698"
[1/2] Building C object CMakeFiles/cmTC_f7698.dir/CheckFunctionExists.c.o
[2/2] Linking C executable cmTC_f7698


Determining if the function dlopen exists in the dl passed with the following output:
Change Dir: /home/zhangjb/workspace/light-fm-95pvs/gpu_bxm_4_64/llvm-5935153/llvm.tblgen/CMakeFiles/CMakeTmp

Run Build Command:"/usr/bin/ninja" "cmTC_736a1"
[1/2] Building C object CMakeFiles/cmTC_736a1.dir/CheckFunctionExists.c.o
[2/2] Linking C executable cmTC_736a1


Determining if the function clock_gettime exists in the rt passed with the following output:
Change Dir: /home/zhangjb/workspace/light-fm-95pvs/gpu_bxm_4_64/llvm-5935153/llvm.tblgen/CMakeFiles/CMakeTmp

Run Build Command:"/usr/bin/ninja" "cmTC_f14c1"
[1/2] Building C object CMakeFiles/cmTC_f14c1.dir/CheckFunctionExists.c.o
[2/2] Linking C executable cmTC_f14c1


Determining if the include file pthread.h exists passed with the following output:
Change Dir: /home/zhangjb/workspace/light-fm-95pvs/gpu_bxm_4_64/llvm-5935153/llvm.tblgen/CMakeFiles/CMakeTmp

Run Build Command:"/usr/bin/ninja" "cmTC_06796"
[1/2] Building C object CMakeFiles/cmTC_06796.dir/CheckIncludeFile.c.o
[2/2] Linking C executable cmTC_06796


Determining if the function pthread_create exists in the pthread passed with the following output:
Change Dir: /home/zhangjb/workspace/light-fm-95pvs/gpu_bxm_4_64/llvm-5935153/llvm.tblgen/CMakeFiles/CMakeTmp

Run Build Command:"/usr/bin/ninja" "cmTC_e08e4"
[1/2] Building C object CMakeFiles/cmTC_e08e4.dir/CheckFunctionExists.c.o
[2/2] Linking C executable cmTC_e08e4


Determining if the backtrace exist passed with the following output:
Change Dir: /home/zhangjb/workspace/light-fm-95pvs/gpu_bxm_4_64/llvm-5935153/llvm.tblgen/CMakeFiles/CMakeTmp

Run Build Command:"/usr/bin/ninja" "cmTC_8dbb0"
[1/2] Building C object CMakeFiles/cmTC_8dbb0.dir/CheckSymbolExists.c.o
[2/2] Linking C executable cmTC_8dbb0

File /home/zhangjb/workspace/light-fm-95pvs/gpu_bxm_4_64/llvm-5935153/llvm.tblgen/CMakeFiles/CMakeTmp/CheckSymbolExists.c:
/* */
#include <execinfo.h>

int main(int argc, char** argv)
{
  (void)argv;
#ifndef backtrace
  return ((int*)(&backtrace))[argc];
#else
  (void)argc;
  return 0;
#endif
}

Determining if the _Unwind_Backtrace exist passed with the following output:
Change Dir: /home/zhangjb/workspace/light-fm-95pvs/gpu_bxm_4_64/llvm-5935153/llvm.tblgen/CMakeFiles/CMakeTmp

Run Build Command:"/usr/bin/ninja" "cmTC_37c2b"
[1/2] Building C object CMakeFiles/cmTC_37c2b.dir/CheckSymbolExists.c.o
[2/2] Linking C executable cmTC_37c2b

File /home/zhangjb/workspace/light-fm-95pvs/gpu_bxm_4_64/llvm-5935153/llvm.tblgen/CMakeFiles/CMakeTmp/CheckSymbolExists.c:
/* */
#include <unwind.h>

int main(int argc, char** argv)
{
  (void)argv;
#ifndef _Unwind_Backtrace
  return ((int*)(&_Unwind_Backtrace))[argc];
#else
  (void)argc;
  return 0;
#endif
}

Determining if the getpagesize exist passed with the following output:
Change Dir: /home/zhangjb/workspace/light-fm-95pvs/gpu_bxm_4_64/llvm-5935153/llvm.tblgen/CMakeFiles/CMakeTmp

Run Build Command:"/usr/bin/ninja" "cmTC_74ea3"
[1/2] Building C object CMakeFiles/cmTC_74ea3.dir/CheckSymbolExists.c.o
[2/2] Linking C executable cmTC_74ea3

File /home/zhangjb/workspace/light-fm-95pvs/gpu_bxm_4_64/llvm-5935153/llvm.tblgen/CMakeFiles/CMakeTmp/CheckSymbolExists.c:
/* */
#include <unistd.h>

int main(int argc, char** argv)
{
  (void)argv;
#ifndef getpagesize
  return ((int*)(&getpagesize))[argc];
#else
  (void)argc;
  return 0;
#endif
}

Determining if the sysconf exist passed with the following output:
Change Dir: /home/zhangjb/workspace/light-fm-95pvs/gpu_bxm_4_64/llvm-5935153/llvm.tblgen/CMakeFiles/CMakeTmp

Run Build Command:"/usr/bin/ninja" "cmTC_2c71e"
[1/2] Building C object CMakeFiles/cmTC_2c71e.dir/CheckSymbolExists.c.o
[2/2] Linking C executable cmTC_2c71e

File /home/zhangjb/workspace/light-fm-95pvs/gpu_bxm_4_64/llvm-5935153/llvm.tblgen/CMakeFiles/CMakeTmp/CheckSymbolExists.c:
/* */
#include <unistd.h>

int main(int argc, char** argv)
{
  (void)argv;
#ifndef sysconf
  return ((int*)(&sysconf))[argc];
#else
  (void)argc;
  return 0;
#endif
}

Determining if the getrusage exist passed with the following output:
Change Dir: /home/zhangjb/workspace/light-fm-95pvs/gpu_bxm_4_64/llvm-5935153/llvm.tblgen/CMakeFiles/CMakeTmp

Run Build Command:"/usr/bin/ninja" "cmTC_5a2df"
[1/2] Building C object CMakeFiles/cmTC_5a2df.dir/CheckSymbolExists.c.o
[2/2] Linking C executable cmTC_5a2df

File /home/zhangjb/workspace/light-fm-95pvs/gpu_bxm_4_64/llvm-5935153/llvm.tblgen/CMakeFiles/CMakeTmp/CheckSymbolExists.c:
/* */
#include <sys/resource.h>

int main(int argc, char** argv)
{
  (void)argv;
#ifndef getrusage
  return ((int*)(&getrusage))[argc];
#else
  (void)argc;
  return 0;
#endif
}

Determining if the setrlimit exist passed with the following output:
Change Dir: /home/zhangjb/workspace/light-fm-95pvs/gpu_bxm_4_64/llvm-5935153/llvm.tblgen/CMakeFiles/CMakeTmp

Run Build Command:"/usr/bin/ninja" "cmTC_58ee3"
[1/2] Building C object CMakeFiles/cmTC_58ee3.dir/CheckSymbolExists.c.o
[2/2] Linking C executable cmTC_58ee3

File /home/zhangjb/workspace/light-fm-95pvs/gpu_bxm_4_64/llvm-5935153/llvm.tblgen/CMakeFiles/CMakeTmp/CheckSymbolExists.c:
/* */
#include <sys/resource.h>

int main(int argc, char** argv)
{
  (void)argv;
#ifndef setrlimit
  return ((int*)(&setrlimit))[argc];
#else
  (void)argc;
  return 0;
#endif
}

Determining if the isatty exist passed with the following output:
Change Dir: /home/zhangjb/workspace/light-fm-95pvs/gpu_bxm_4_64/llvm-5935153/llvm.tblgen/CMakeFiles/CMakeTmp

Run Build Command:"/usr/bin/ninja" "cmTC_f90e0"
[1/2] Building C object CMakeFiles/cmTC_f90e0.dir/CheckSymbolExists.c.o
[2/2] Linking C executable cmTC_f90e0

File /home/zhangjb/workspace/light-fm-95pvs/gpu_bxm_4_64/llvm-5935153/llvm.tblgen/CMakeFiles/CMakeTmp/CheckSymbolExists.c:
/* */
#include <unistd.h>

int main(int argc, char** argv)
{
  (void)argv;
#ifndef isatty
  return ((int*)(&isatty))[argc];
#else
  (void)argc;
  return 0;
#endif
}

Determining if the futimens exist passed with the following output:
Change Dir: /home/zhangjb/workspace/light-fm-95pvs/gpu_bxm_4_64/llvm-5935153/llvm.tblgen/CMakeFiles/CMakeTmp

Run Build Command:"/usr/bin/ninja" "cmTC_8821f"
[1/2] Building C object CMakeFiles/cmTC_8821f.dir/CheckSymbolExists.c.o
[2/2] Linking C executable cmTC_8821f

File /home/zhangjb/workspace/light-fm-95pvs/gpu_bxm_4_64/llvm-5935153/llvm.tblgen/CMakeFiles/CMakeTmp/CheckSymbolExists.c:
/* */
#include <sys/stat.h>

int main(int argc, char** argv)
{
  (void)argv;
#ifndef futimens
  return ((int*)(&futimens))[argc];
#else
  (void)argc;
  return 0;
#endif
}

Determining if the futimes exist passed with the following output:
Change Dir: /home/zhangjb/workspace/light-fm-95pvs/gpu_bxm_4_64/llvm-5935153/llvm.tblgen/CMakeFiles/CMakeTmp

Run Build Command:"/usr/bin/ninja" "cmTC_edd5b"
[1/2] Building C object CMakeFiles/cmTC_edd5b.dir/CheckSymbolExists.c.o
[2/2] Linking C executable cmTC_edd5b

File /home/zhangjb/workspace/light-fm-95pvs/gpu_bxm_4_64/llvm-5935153/llvm.tblgen/CMakeFiles/CMakeTmp/CheckSymbolExists.c:
/* */
#include <sys/time.h>

int main(int argc, char** argv)
{
  (void)argv;
#ifndef futimes
  return ((int*)(&futimes))[argc];
#else
  (void)argc;
  return 0;
#endif
}

Determining if the posix_fallocate exist passed with the following output:
Change Dir: /home/zhangjb/workspace/light-fm-95pvs/gpu_bxm_4_64/llvm-5935153/llvm.tblgen/CMakeFiles/CMakeTmp

Run Build Command:"/usr/bin/ninja" "cmTC_220f1"
[1/2] Building C object CMakeFiles/cmTC_220f1.dir/CheckSymbolExists.c.o
[2/2] Linking C executable cmTC_220f1

File /home/zhangjb/workspace/light-fm-95pvs/gpu_bxm_4_64/llvm-5935153/llvm.tblgen/CMakeFiles/CMakeTmp/CheckSymbolExists.c:
/* */
#include <fcntl.h>

int main(int argc, char** argv)
{
  (void)argv;
#ifndef posix_fallocate
  return ((int*)(&posix_fallocate))[argc];
#else
  (void)argc;
  return 0;
#endif
}

Determining if the sigaltstack exist passed with the following output:
Change Dir: /home/zhangjb/workspace/light-fm-95pvs/gpu_bxm_4_64/llvm-5935153/llvm.tblgen/CMakeFiles/CMakeTmp

Run Build Command:"/usr/bin/ninja" "cmTC_6c9e9"
[1/2] Building C object CMakeFiles/cmTC_6c9e9.dir/CheckSymbolExists.c.o
[2/2] Linking C executable cmTC_6c9e9

File /home/zhangjb/workspace/light-fm-95pvs/gpu_bxm_4_64/llvm-5935153/llvm.tblgen/CMakeFiles/CMakeTmp/CheckSymbolExists.c:
/* */
#include <signal.h>

int main(int argc, char** argv)
{
  (void)argv;
#ifndef sigaltstack
  return ((int*)(&sigaltstack))[argc];
#else
  (void)argc;
  return 0;
#endif
}

Determining if the lseek64 exist passed with the following output:
Change Dir: /home/zhangjb/workspace/light-fm-95pvs/gpu_bxm_4_64/llvm-5935153/llvm.tblgen/CMakeFiles/CMakeTmp

Run Build Command:"/usr/bin/ninja" "cmTC_77d90"
[1/2] Building C object CMakeFiles/cmTC_77d90.dir/CheckSymbolExists.c.o
[2/2] Linking C executable cmTC_77d90

File /home/zhangjb/workspace/light-fm-95pvs/gpu_bxm_4_64/llvm-5935153/llvm.tblgen/CMakeFiles/CMakeTmp/CheckSymbolExists.c:
/* */
#include <sys/types.h>
#include <unistd.h>

int main(int argc, char** argv)
{
  (void)argv;
#ifndef lseek64
  return ((int*)(&lseek64))[argc];
#else
  (void)argc;
  return 0;
#endif
}

Determining if the mallinfo exist passed with the following output:
Change Dir: /home/zhangjb/workspace/light-fm-95pvs/gpu_bxm_4_64/llvm-5935153/llvm.tblgen/CMakeFiles/CMakeTmp

Run Build Command:"/usr/bin/ninja" "cmTC_2a175"
[1/2] Building C object CMakeFiles/cmTC_2a175.dir/CheckSymbolExists.c.o
[2/2] Linking C executable cmTC_2a175

File /home/zhangjb/workspace/light-fm-95pvs/gpu_bxm_4_64/llvm-5935153/llvm.tblgen/CMakeFiles/CMakeTmp/CheckSymbolExists.c:
/* */
#include <malloc.h>

int main(int argc, char** argv)
{
  (void)argv;
#ifndef mallinfo
  return ((int*)(&mallinfo))[argc];
#else
  (void)argc;
  return 0;
#endif
}

Determining if the getrlimit exist passed with the following output:
Change Dir: /home/zhangjb/workspace/light-fm-95pvs/gpu_bxm_4_64/llvm-5935153/llvm.tblgen/CMakeFiles/CMakeTmp

Run Build Command:"/usr/bin/ninja" "cmTC_a1736"
[1/2] Building C object CMakeFiles/cmTC_a1736.dir/CheckSymbolExists.c.o
[2/2] Linking C executable cmTC_a1736

File /home/zhangjb/workspace/light-fm-95pvs/gpu_bxm_4_64/llvm-5935153/llvm.tblgen/CMakeFiles/CMakeTmp/CheckSymbolExists.c:
/* */
#include <sys/types.h>
#include <sys/time.h>
#include <sys/resource.h>

int main(int argc, char** argv)
{
  (void)argv;
#ifndef getrlimit
  return ((int*)(&getrlimit))[argc];
#else
  (void)argc;
  return 0;
#endif
}

Determining if the posix_spawn exist passed with the following output:
Change Dir: /home/zhangjb/workspace/light-fm-95pvs/gpu_bxm_4_64/llvm-5935153/llvm.tblgen/CMakeFiles/CMakeTmp

Run Build Command:"/usr/bin/ninja" "cmTC_1d0d9"
[1/2] Building C object CMakeFiles/cmTC_1d0d9.dir/CheckSymbolExists.c.o
[2/2] Linking C executable cmTC_1d0d9

File /home/zhangjb/workspace/light-fm-95pvs/gpu_bxm_4_64/llvm-5935153/llvm.tblgen/CMakeFiles/CMakeTmp/CheckSymbolExists.c:
/* */
#include <spawn.h>

int main(int argc, char** argv)
{
  (void)argv;
#ifndef posix_spawn
  return ((int*)(&posix_spawn))[argc];
#else
  (void)argc;
  return 0;
#endif
}

Determining if the pread exist passed with the following output:
Change Dir: /home/zhangjb/workspace/light-fm-95pvs/gpu_bxm_4_64/llvm-5935153/llvm.tblgen/CMakeFiles/CMakeTmp

Run Build Command:"/usr/bin/ninja" "cmTC_8cb6d"
[1/2] Building C object CMakeFiles/cmTC_8cb6d.dir/CheckSymbolExists.c.o
[2/2] Linking C executable cmTC_8cb6d

File /home/zhangjb/workspace/light-fm-95pvs/gpu_bxm_4_64/llvm-5935153/llvm.tblgen/CMakeFiles/CMakeTmp/CheckSymbolExists.c:
/* */
#include <unistd.h>

int main(int argc, char** argv)
{
  (void)argv;
#ifndef pread
  return ((int*)(&pread))[argc];
#else
  (void)argc;
  return 0;
#endif
}

Determining if the sbrk exist passed with the following output:
Change Dir: /home/zhangjb/workspace/light-fm-95pvs/gpu_bxm_4_64/llvm-5935153/llvm.tblgen/CMakeFiles/CMakeTmp

Run Build Command:"/usr/bin/ninja" "cmTC_4b006"
[1/2] Building C object CMakeFiles/cmTC_4b006.dir/CheckSymbolExists.c.o
[2/2] Linking C executable cmTC_4b006

File /home/zhangjb/workspace/light-fm-95pvs/gpu_bxm_4_64/llvm-5935153/llvm.tblgen/CMakeFiles/CMakeTmp/CheckSymbolExists.c:
/* */
#include <unistd.h>

int main(int argc, char** argv)
{
  (void)argv;
#ifndef sbrk
  return ((int*)(&sbrk))[argc];
#else
  (void)argc;
  return 0;
#endif
}

Determining if the strerror exist passed with the following output:
Change Dir: /home/zhangjb/workspace/light-fm-95pvs/gpu_bxm_4_64/llvm-5935153/llvm.tblgen/CMakeFiles/CMakeTmp

Run Build Command:"/usr/bin/ninja" "cmTC_f2972"
[1/2] Building C object CMakeFiles/cmTC_f2972.dir/CheckSymbolExists.c.o
[2/2] Linking C executable cmTC_f2972

File /home/zhangjb/workspace/light-fm-95pvs/gpu_bxm_4_64/llvm-5935153/llvm.tblgen/CMakeFiles/CMakeTmp/CheckSymbolExists.c:
/* */
#include <string.h>

int main(int argc, char** argv)
{
  (void)argv;
#ifndef strerror
  return ((int*)(&strerror))[argc];
#else
  (void)argc;
  return 0;
#endif
}

Determining if the strerror_r exist passed with the following output:
Change Dir: /home/zhangjb/workspace/light-fm-95pvs/gpu_bxm_4_64/llvm-5935153/llvm.tblgen/CMakeFiles/CMakeTmp

Run Build Command:"/usr/bin/ninja" "cmTC_1df5a"
[1/2] Building C object CMakeFiles/cmTC_1df5a.dir/CheckSymbolExists.c.o
[2/2] Linking C executable cmTC_1df5a

File /home/zhangjb/workspace/light-fm-95pvs/gpu_bxm_4_64/llvm-5935153/llvm.tblgen/CMakeFiles/CMakeTmp/CheckSymbolExists.c:
/* */
#include <string.h>

int main(int argc, char** argv)
{
  (void)argv;
#ifndef strerror_r
  return ((int*)(&strerror_r))[argc];
#else
  (void)argc;
  return 0;
#endif
}

Determining if the setenv exist passed with the following output:
Change Dir: /home/zhangjb/workspace/light-fm-95pvs/gpu_bxm_4_64/llvm-5935153/llvm.tblgen/CMakeFiles/CMakeTmp

Run Build Command:"/usr/bin/ninja" "cmTC_9b70d"
[1/2] Building C object CMakeFiles/cmTC_9b70d.dir/CheckSymbolExists.c.o
[2/2] Linking C executable cmTC_9b70d

File /home/zhangjb/workspace/light-fm-95pvs/gpu_bxm_4_64/llvm-5935153/llvm.tblgen/CMakeFiles/CMakeTmp/CheckSymbolExists.c:
/* */
#include <stdlib.h>

int main(int argc, char** argv)
{
  (void)argv;
#ifndef setenv
  return ((int*)(&setenv))[argc];
#else
  (void)argc;
  return 0;
#endif
}

Determining if the dlopen exist passed with the following output:
Change Dir: /home/zhangjb/workspace/light-fm-95pvs/gpu_bxm_4_64/llvm-5935153/llvm.tblgen/CMakeFiles/CMakeTmp

Run Build Command:"/usr/bin/ninja" "cmTC_d68fd"
[1/2] Building C object CMakeFiles/cmTC_d68fd.dir/CheckSymbolExists.c.o
[2/2] Linking C executable cmTC_d68fd

File /home/zhangjb/workspace/light-fm-95pvs/gpu_bxm_4_64/llvm-5935153/llvm.tblgen/CMakeFiles/CMakeTmp/CheckSymbolExists.c:
/* */
#include <dlfcn.h>

int main(int argc, char** argv)
{
  (void)argv;
#ifndef dlopen
  return ((int*)(&dlopen))[argc];
#else
  (void)argc;
  return 0;
#endif
}

Performing C SOURCE FILE Test HAVE_STRUCT_STAT_ST_MTIM_TV_NSEC succeeded with the following output:
Change Dir: /home/zhangjb/workspace/light-fm-95pvs/gpu_bxm_4_64/llvm-5935153/llvm.tblgen/CMakeFiles/CMakeTmp

Run Build Command:"/usr/bin/ninja" "cmTC_e5a03"
[1/2] Building C object CMakeFiles/cmTC_e5a03.dir/src.c.o
[2/2] Linking C executable cmTC_e5a03

Source file was:

#include <sys/types.h>
#include <sys/stat.h>

int main()
{
   (void)sizeof(((struct stat *)0)->st_mtim.tv_nsec);
   return 0;
}

Determining if the __GLIBC__ exist passed with the following output:
Change Dir: /home/zhangjb/workspace/light-fm-95pvs/gpu_bxm_4_64/llvm-5935153/llvm.tblgen/CMakeFiles/CMakeTmp

Run Build Command:"/usr/bin/ninja" "cmTC_6de2d"
[1/2] Building C object CMakeFiles/cmTC_6de2d.dir/CheckSymbolExists.c.o
[2/2] Linking C executable cmTC_6de2d

File /home/zhangjb/workspace/light-fm-95pvs/gpu_bxm_4_64/llvm-5935153/llvm.tblgen/CMakeFiles/CMakeTmp/CheckSymbolExists.c:
/* */
#include <stdio.h>

int main(int argc, char** argv)
{
  (void)argv;
#ifndef __GLIBC__
  return ((int*)(&__GLIBC__))[argc];
#else
  (void)argc;
  return 0;
#endif
}

Determining if the sched_getaffinity exist passed with the following output:
Change Dir: /home/zhangjb/workspace/light-fm-95pvs/gpu_bxm_4_64/llvm-5935153/llvm.tblgen/CMakeFiles/CMakeTmp

Run Build Command:"/usr/bin/ninja" "cmTC_e0777"
[1/2] Building C object CMakeFiles/cmTC_e0777.dir/CheckSymbolExists.c.o
[2/2] Linking C executable cmTC_e0777

File /home/zhangjb/workspace/light-fm-95pvs/gpu_bxm_4_64/llvm-5935153/llvm.tblgen/CMakeFiles/CMakeTmp/CheckSymbolExists.c:
/* */
#include <sched.h>

int main(int argc, char** argv)
{
  (void)argv;
#ifndef sched_getaffinity
  return ((int*)(&sched_getaffinity))[argc];
#else
  (void)argc;
  return 0;
#endif
}

Determining if the CPU_COUNT exist passed with the following output:
Change Dir: /home/zhangjb/workspace/light-fm-95pvs/gpu_bxm_4_64/llvm-5935153/llvm.tblgen/CMakeFiles/CMakeTmp

Run Build Command:"/usr/bin/ninja" "cmTC_cffa7"
[1/2] Building C object CMakeFiles/cmTC_cffa7.dir/CheckSymbolExists.c.o
[2/2] Linking C executable cmTC_cffa7

File /home/zhangjb/workspace/light-fm-95pvs/gpu_bxm_4_64/llvm-5935153/llvm.tblgen/CMakeFiles/CMakeTmp/CheckSymbolExists.c:
/* */
#include <sched.h>

int main(int argc, char** argv)
{
  (void)argv;
#ifndef CPU_COUNT
  return ((int*)(&CPU_COUNT))[argc];
#else
  (void)argc;
  return 0;
#endif
}

Determining if the pthread_getname_np exist passed with the following output:
Change Dir: /home/zhangjb/workspace/light-fm-95pvs/gpu_bxm_4_64/llvm-5935153/llvm.tblgen/CMakeFiles/CMakeTmp

Run Build Command:"/usr/bin/ninja" "cmTC_6084d"
[1/2] Building C object CMakeFiles/cmTC_6084d.dir/CheckSymbolExists.c.o
[2/2] Linking C executable cmTC_6084d

File /home/zhangjb/workspace/light-fm-95pvs/gpu_bxm_4_64/llvm-5935153/llvm.tblgen/CMakeFiles/CMakeTmp/CheckSymbolExists.c:
/* */
#include <pthread.h>

int main(int argc, char** argv)
{
  (void)argv;
#ifndef pthread_getname_np
  return ((int*)(&pthread_getname_np))[argc];
#else
  (void)argc;
  return 0;
#endif
}

Determining if the pthread_setname_np exist passed with the following output:
Change Dir: /home/zhangjb/workspace/light-fm-95pvs/gpu_bxm_4_64/llvm-5935153/llvm.tblgen/CMakeFiles/CMakeTmp

Run Build Command:"/usr/bin/ninja" "cmTC_f8c81"
[1/2] Building C object CMakeFiles/cmTC_f8c81.dir/CheckSymbolExists.c.o
[2/2] Linking C executable cmTC_f8c81

File /home/zhangjb/workspace/light-fm-95pvs/gpu_bxm_4_64/llvm-5935153/llvm.tblgen/CMakeFiles/CMakeTmp/CheckSymbolExists.c:
/* */
#include <pthread.h>

int main(int argc, char** argv)
{
  (void)argv;
#ifndef pthread_setname_np
  return ((int*)(&pthread_setname_np))[argc];
#else
  (void)argc;
  return 0;
#endif
}

Performing C++ SOURCE FILE Test HAVE_STD_IS_TRIVIALLY_COPYABLE succeeded with the following output:
Change Dir: /home/zhangjb/workspace/light-fm-95pvs/gpu_bxm_4_64/llvm-5935153/llvm.tblgen/CMakeFiles/CMakeTmp

Run Build Command:"/usr/bin/ninja" "cmTC_2118b"
[1/2] Building CXX object CMakeFiles/cmTC_2118b.dir/src.cxx.o
[2/2] Linking CXX executable cmTC_2118b

Source file was:

#include <type_traits>
struct T { int val; };
static_assert(std::is_trivially_copyable<T>::value, "ok");
int main() { return 0;}

Performing C++ SOURCE FILE Test HAVE_CXX_ATOMICS_WITHOUT_LIB succeeded with the following output:
Change Dir: /home/zhangjb/workspace/light-fm-95pvs/gpu_bxm_4_64/llvm-5935153/llvm.tblgen/CMakeFiles/CMakeTmp

Run Build Command:"/usr/bin/ninja" "cmTC_727b4"
[1/2] Building CXX object CMakeFiles/cmTC_727b4.dir/src.cxx.o
[2/2] Linking CXX executable cmTC_727b4

Source file was:

#include <atomic>
std::atomic<int> x;
int main() {
  return x;
}

Performing C++ SOURCE FILE Test HAVE_CXX_ATOMICS64_WITHOUT_LIB succeeded with the following output:
Change Dir: /home/zhangjb/workspace/light-fm-95pvs/gpu_bxm_4_64/llvm-5935153/llvm.tblgen/CMakeFiles/CMakeTmp

Run Build Command:"/usr/bin/ninja" "cmTC_00042"
[1/2] Building CXX object CMakeFiles/cmTC_00042.dir/src.cxx.o
[2/2] Linking CXX executable cmTC_00042

Source file was:

#include <atomic>
#include <cstdint>
std::atomic<uint64_t> x (0);
int main() {
  uint64_t i = x.load(std::memory_order_relaxed);
  return 0;
}

Performing C++ SOURCE FILE Test LLVM_HAS_ATOMICS succeeded with the following output:
Change Dir: /home/zhangjb/workspace/light-fm-95pvs/gpu_bxm_4_64/llvm-5935153/llvm.tblgen/CMakeFiles/CMakeTmp

Run Build Command:"/usr/bin/ninja" "cmTC_61010"
[1/2] Building CXX object CMakeFiles/cmTC_61010.dir/src.cxx.o
[2/2] Linking CXX executable cmTC_61010

Source file was:

#ifdef _MSC_VER
#include <windows.h>
#endif
int main() {
#ifdef _MSC_VER
        volatile LONG val = 1;
        MemoryBarrier();
        InterlockedCompareExchange(&val, 0, 1);
        InterlockedIncrement(&val);
        InterlockedDecrement(&val);
#else
        volatile unsigned long val = 1;
        __sync_synchronize();
        __sync_val_compare_and_swap(&val, 1, 0);
        __sync_add_and_fetch(&val, 1);
        __sync_sub_and_fetch(&val, 1);
#endif
        return 0;
      }

Performing C++ SOURCE FILE Test SUPPORTS_VARIADIC_MACROS_FLAG succeeded with the following output:
Change Dir: /home/zhangjb/workspace/light-fm-95pvs/gpu_bxm_4_64/llvm-5935153/llvm.tblgen/CMakeFiles/CMakeTmp

Run Build Command:"/usr/bin/ninja" "cmTC_2948a"
[1/2] Building CXX object CMakeFiles/cmTC_2948a.dir/src.cxx.o
[2/2] Linking CXX executable cmTC_2948a

Source file was:
int main() { return 0; }
Performing C++ SOURCE FILE Test HAS_MAYBE_UNINITIALIZED succeeded with the following output:
Change Dir: /home/zhangjb/workspace/light-fm-95pvs/gpu_bxm_4_64/llvm-5935153/llvm.tblgen/CMakeFiles/CMakeTmp

Run Build Command:"/usr/bin/ninja" "cmTC_3f02f"
[1/2] Building CXX object CMakeFiles/cmTC_3f02f.dir/src.cxx.o
[2/2] Linking CXX executable cmTC_3f02f

Source file was:
int main() { return 0; }
Performing C SOURCE FILE Test C_SUPPORTS_FPIC succeeded with the following output:
Change Dir: /home/zhangjb/workspace/light-fm-95pvs/gpu_bxm_4_64/llvm-5935153/llvm.tblgen/CMakeFiles/CMakeTmp

Run Build Command:"/usr/bin/ninja" "cmTC_52382"
[1/2] Building C object CMakeFiles/cmTC_52382.dir/src.c.o
[2/2] Linking C executable cmTC_52382

Source file was:
int main(void) { return 0; }
Performing C++ SOURCE FILE Test CXX_SUPPORTS_FPIC succeeded with the following output:
Change Dir: /home/zhangjb/workspace/light-fm-95pvs/gpu_bxm_4_64/llvm-5935153/llvm.tblgen/CMakeFiles/CMakeTmp

Run Build Command:"/usr/bin/ninja" "cmTC_e6827"
[1/2] Building CXX object CMakeFiles/cmTC_e6827.dir/src.cxx.o
[2/2] Linking CXX executable cmTC_e6827

Source file was:
int main() { return 0; }
Performing C++ SOURCE FILE Test SUPPORTS_FVISIBILITY_INLINES_HIDDEN_FLAG succeeded with the following output:
Change Dir: /home/zhangjb/workspace/light-fm-95pvs/gpu_bxm_4_64/llvm-5935153/llvm.tblgen/CMakeFiles/CMakeTmp

Run Build Command:"/usr/bin/ninja" "cmTC_1799b"
[1/2] Building CXX object CMakeFiles/cmTC_1799b.dir/src.cxx.o
[2/2] Linking CXX executable cmTC_1799b

Source file was:
int main() { return 0; }
Performing C SOURCE FILE Test C_SUPPORTS_WERROR_DATE_TIME succeeded with the following output:
Change Dir: /home/zhangjb/workspace/light-fm-95pvs/gpu_bxm_4_64/llvm-5935153/llvm.tblgen/CMakeFiles/CMakeTmp

Run Build Command:"/usr/bin/ninja" "cmTC_25047"
[1/2] Building C object CMakeFiles/cmTC_25047.dir/src.c.o
[2/2] Linking C executable cmTC_25047

Source file was:
int main(void) { return 0; }
Performing C++ SOURCE FILE Test CXX_SUPPORTS_WERROR_DATE_TIME succeeded with the following output:
Change Dir: /home/zhangjb/workspace/light-fm-95pvs/gpu_bxm_4_64/llvm-5935153/llvm.tblgen/CMakeFiles/CMakeTmp

Run Build Command:"/usr/bin/ninja" "cmTC_ecf2f"
[1/2] Building CXX object CMakeFiles/cmTC_ecf2f.dir/src.cxx.o
[2/2] Linking CXX executable cmTC_ecf2f

Source file was:
int main() { return 0; }
Performing C++ SOURCE FILE Test CXX_SUPPORTS_CXX_STD succeeded with the following output:
Change Dir: /home/zhangjb/workspace/light-fm-95pvs/gpu_bxm_4_64/llvm-5935153/llvm.tblgen/CMakeFiles/CMakeTmp

Run Build Command:"/usr/bin/ninja" "cmTC_c0228"
[1/2] Building CXX object CMakeFiles/cmTC_c0228.dir/src.cxx.o
[2/2] Linking CXX executable cmTC_c0228

Source file was:
int main() { return 0; }
Performing C++ SOURCE FILE Test CXX_SUPPORTS_MISSING_FIELD_INITIALIZERS_FLAG succeeded with the following output:
Change Dir: /home/zhangjb/workspace/light-fm-95pvs/gpu_bxm_4_64/llvm-5935153/llvm.tblgen/CMakeFiles/CMakeTmp

Run Build Command:"/usr/bin/ninja" "cmTC_ea0ce"
[1/2] Building CXX object CMakeFiles/cmTC_ea0ce.dir/src.cxx.o
[2/2] Linking CXX executable cmTC_ea0ce

Source file was:
int main() { return 0; }
Performing C SOURCE FILE Test C_SUPPORTS_IMPLICIT_FALLTHROUGH_FLAG succeeded with the following output:
Change Dir: /home/zhangjb/workspace/light-fm-95pvs/gpu_bxm_4_64/llvm-5935153/llvm.tblgen/CMakeFiles/CMakeTmp

Run Build Command:"/usr/bin/ninja" "cmTC_3d7e9"
[1/2] Building C object CMakeFiles/cmTC_3d7e9.dir/src.c.o
[2/2] Linking C executable cmTC_3d7e9

Source file was:
int main(void) { return 0; }
Performing C++ SOURCE FILE Test CXX_SUPPORTS_IMPLICIT_FALLTHROUGH_FLAG succeeded with the following output:
Change Dir: /home/zhangjb/workspace/light-fm-95pvs/gpu_bxm_4_64/llvm-5935153/llvm.tblgen/CMakeFiles/CMakeTmp

Run Build Command:"/usr/bin/ninja" "cmTC_6c9cf"
[1/2] Building CXX object CMakeFiles/cmTC_6c9cf.dir/src.cxx.o
[2/2] Linking CXX executable cmTC_6c9cf

Source file was:
int main() { return 0; }
Performing C++ SOURCE FILE Test CXX_SUPPORTS_NOEXCEPT_TYPE_FLAG succeeded with the following output:
Change Dir: /home/zhangjb/workspace/light-fm-95pvs/gpu_bxm_4_64/llvm-5935153/llvm.tblgen/CMakeFiles/CMakeTmp

Run Build Command:"/usr/bin/ninja" "cmTC_0ebc8"
[1/2] Building CXX object CMakeFiles/cmTC_0ebc8.dir/src.cxx.o
[2/2] Linking CXX executable cmTC_0ebc8

Source file was:
int main() { return 0; }
Performing C++ SOURCE FILE Test CXX_SUPPORTS_DELETE_NON_VIRTUAL_DTOR_FLAG succeeded with the following output:
Change Dir: /home/zhangjb/workspace/light-fm-95pvs/gpu_bxm_4_64/llvm-5935153/llvm.tblgen/CMakeFiles/CMakeTmp

Run Build Command:"/usr/bin/ninja" "cmTC_e0740"
[1/2] Building CXX object CMakeFiles/cmTC_e0740.dir/src.cxx.o
[2/2] Linking CXX executable cmTC_e0740

Source file was:
int main() { return 0; }
Performing C SOURCE FILE Test C_SUPPORTS_FNO_FUNCTION_SECTIONS succeeded with the following output:
Change Dir: /home/zhangjb/workspace/light-fm-95pvs/gpu_bxm_4_64/llvm-5935153/llvm.tblgen/CMakeFiles/CMakeTmp

Run Build Command:"/usr/bin/ninja" "cmTC_b17fa"
[1/2] Building C object CMakeFiles/cmTC_b17fa.dir/src.c.o
[2/2] Linking C executable cmTC_b17fa

Source file was:
int main(void) { return 0; }
Performing C SOURCE FILE Test C_SUPPORTS_FFUNCTION_SECTIONS succeeded with the following output:
Change Dir: /home/zhangjb/workspace/light-fm-95pvs/gpu_bxm_4_64/llvm-5935153/llvm.tblgen/CMakeFiles/CMakeTmp

Run Build Command:"/usr/bin/ninja" "cmTC_44600"
[1/2] Building C object CMakeFiles/cmTC_44600.dir/src.c.o
[2/2] Linking C executable cmTC_44600

Source file was:
int main(void) { return 0; }
Performing C++ SOURCE FILE Test CXX_SUPPORTS_FFUNCTION_SECTIONS succeeded with the following output:
Change Dir: /home/zhangjb/workspace/light-fm-95pvs/gpu_bxm_4_64/llvm-5935153/llvm.tblgen/CMakeFiles/CMakeTmp

Run Build Command:"/usr/bin/ninja" "cmTC_3e7dc"
[1/2] Building CXX object CMakeFiles/cmTC_3e7dc.dir/src.cxx.o
[2/2] Linking CXX executable cmTC_3e7dc

Source file was:
int main() { return 0; }
Performing C SOURCE FILE Test C_SUPPORTS_FDATA_SECTIONS succeeded with the following output:
Change Dir: /home/zhangjb/workspace/light-fm-95pvs/gpu_bxm_4_64/llvm-5935153/llvm.tblgen/CMakeFiles/CMakeTmp

Run Build Command:"/usr/bin/ninja" "cmTC_df816"
[1/2] Building C object CMakeFiles/cmTC_df816.dir/src.c.o
[2/2] Linking C executable cmTC_df816

Source file was:
int main(void) { return 0; }
Performing C++ SOURCE FILE Test CXX_SUPPORTS_FDATA_SECTIONS succeeded with the following output:
Change Dir: /home/zhangjb/workspace/light-fm-95pvs/gpu_bxm_4_64/llvm-5935153/llvm.tblgen/CMakeFiles/CMakeTmp

Run Build Command:"/usr/bin/ninja" "cmTC_387d3"
[1/2] Building CXX object CMakeFiles/cmTC_387d3.dir/src.cxx.o
[2/2] Linking CXX executable cmTC_387d3

Source file was:
int main() { return 0; }
Determining if the include file sys/resource.h exists passed with the following output:
Change Dir: /home/zhangjb/workspace/light-fm-95pvs/gpu_bxm_4_64/llvm-5935153/llvm.tblgen/CMakeFiles/CMakeTmp

Run Build Command:"/usr/bin/ninja" "cmTC_8055b"
[1/2] Building C object CMakeFiles/cmTC_8055b.dir/CheckIncludeFile.c.o
[2/2] Linking C executable cmTC_8055b


Determining if files sys/inotify.h exist passed with the following output:
Change Dir: /home/zhangjb/workspace/light-fm-95pvs/gpu_bxm_4_64/llvm-5935153/llvm.tblgen/CMakeFiles/CMakeTmp

Run Build Command:"/usr/bin/ninja" "cmTC_efac4"
[1/2] Building C object CMakeFiles/cmTC_efac4.dir/CheckIncludeFiles.c.o
[2/2] Linking C executable cmTC_efac4


Performing C++ SOURCE FILE Test HAVE_CXX_FLAG_STD_CXX11 succeeded with the following output:
Change Dir: /home/zhangjb/workspace/light-fm-95pvs/gpu_bxm_4_64/llvm-5935153/llvm.tblgen/CMakeFiles/CMakeTmp

Run Build Command:"/usr/bin/ninja" "cmTC_f1ccf"
[1/2] Building CXX object CMakeFiles/cmTC_f1ccf.dir/src.cxx.o
[2/2] Linking CXX executable cmTC_f1ccf

Source file was:
int main() { return 0; }
Performing C++ SOURCE FILE Test HAVE_CXX_FLAG_WALL succeeded with the following output:
Change Dir: /home/zhangjb/workspace/light-fm-95pvs/gpu_bxm_4_64/llvm-5935153/llvm.tblgen/CMakeFiles/CMakeTmp

Run Build Command:"/usr/bin/ninja" "cmTC_36f50"
[1/2] Building CXX object CMakeFiles/cmTC_36f50.dir/src.cxx.o
[2/2] Linking CXX executable cmTC_36f50

Source file was:
int main() { return 0; }
Performing C++ SOURCE FILE Test HAVE_CXX_FLAG_WEXTRA succeeded with the following output:
Change Dir: /home/zhangjb/workspace/light-fm-95pvs/gpu_bxm_4_64/llvm-5935153/llvm.tblgen/CMakeFiles/CMakeTmp

Run Build Command:"/usr/bin/ninja" "cmTC_66ad4"
[1/2] Building CXX object CMakeFiles/cmTC_66ad4.dir/src.cxx.o
[2/2] Linking CXX executable cmTC_66ad4

Source file was:
int main() { return 0; }
Performing C++ SOURCE FILE Test HAVE_CXX_FLAG_WSHADOW succeeded with the following output:
Change Dir: /home/zhangjb/workspace/light-fm-95pvs/gpu_bxm_4_64/llvm-5935153/llvm.tblgen/CMakeFiles/CMakeTmp

Run Build Command:"/usr/bin/ninja" "cmTC_d22ca"
[1/2] Building CXX object CMakeFiles/cmTC_d22ca.dir/src.cxx.o
[2/2] Linking CXX executable cmTC_d22ca

Source file was:
int main() { return 0; }
Performing C++ SOURCE FILE Test HAVE_CXX_FLAG_PEDANTIC succeeded with the following output:
Change Dir: /home/zhangjb/workspace/light-fm-95pvs/gpu_bxm_4_64/llvm-5935153/llvm.tblgen/CMakeFiles/CMakeTmp

Run Build Command:"/usr/bin/ninja" "cmTC_9b318"
[1/2] Building CXX object CMakeFiles/cmTC_9b318.dir/src.cxx.o
[2/2] Linking CXX executable cmTC_9b318

Source file was:
int main() { return 0; }
Performing C++ SOURCE FILE Test HAVE_CXX_FLAG_PEDANTIC_ERRORS succeeded with the following output:
Change Dir: /home/zhangjb/workspace/light-fm-95pvs/gpu_bxm_4_64/llvm-5935153/llvm.tblgen/CMakeFiles/CMakeTmp

Run Build Command:"/usr/bin/ninja" "cmTC_cdb24"
[1/2] Building CXX object CMakeFiles/cmTC_cdb24.dir/src.cxx.o
[2/2] Linking CXX executable cmTC_cdb24

Source file was:
int main() { return 0; }
Performing C++ SOURCE FILE Test HAVE_CXX_FLAG_WFLOAT_EQUAL succeeded with the following output:
Change Dir: /home/zhangjb/workspace/light-fm-95pvs/gpu_bxm_4_64/llvm-5935153/llvm.tblgen/CMakeFiles/CMakeTmp

Run Build Command:"/usr/bin/ninja" "cmTC_a3705"
[1/2] Building CXX object CMakeFiles/cmTC_a3705.dir/src.cxx.o
[2/2] Linking CXX executable cmTC_a3705

Source file was:
int main() { return 0; }
Performing C++ SOURCE FILE Test HAVE_CXX_FLAG_FSTRICT_ALIASING succeeded with the following output:
Change Dir: /home/zhangjb/workspace/light-fm-95pvs/gpu_bxm_4_64/llvm-5935153/llvm.tblgen/CMakeFiles/CMakeTmp

Run Build Command:"/usr/bin/ninja" "cmTC_c3b0d"
[1/2] Building CXX object CMakeFiles/cmTC_c3b0d.dir/src.cxx.o
[2/2] Linking CXX executable cmTC_c3b0d

Source file was:
int main() { return 0; }
Performing C++ SOURCE FILE Test HAVE_CXX_FLAG_FNO_EXCEPTIONS succeeded with the following output:
Change Dir: /home/zhangjb/workspace/light-fm-95pvs/gpu_bxm_4_64/llvm-5935153/llvm.tblgen/CMakeFiles/CMakeTmp

Run Build Command:"/usr/bin/ninja" "cmTC_0ecd5"
[1/2] Building CXX object CMakeFiles/cmTC_0ecd5.dir/src.cxx.o
[2/2] Linking CXX executable cmTC_0ecd5

Source file was:
int main() { return 0; }
Performing C++ SOURCE FILE Test HAVE_CXX_FLAG_WSTRICT_ALIASING succeeded with the following output:
Change Dir: /home/zhangjb/workspace/light-fm-95pvs/gpu_bxm_4_64/llvm-5935153/llvm.tblgen/CMakeFiles/CMakeTmp

Run Build Command:"/usr/bin/ninja" "cmTC_119da"
[1/2] Building CXX object CMakeFiles/cmTC_119da.dir/src.cxx.o
[2/2] Linking CXX executable cmTC_119da

Source file was:
int main() { return 0; }
Performing C++ SOURCE FILE Test HAVE_CXX_FLAG_COVERAGE succeeded with the following output:
Change Dir: /home/zhangjb/workspace/light-fm-95pvs/gpu_bxm_4_64/llvm-5935153/llvm.tblgen/CMakeFiles/CMakeTmp

Run Build Command:"/usr/bin/ninja" "cmTC_5b28c"
[1/2] Building CXX object CMakeFiles/cmTC_5b28c.dir/src.cxx.o
[2/2] Linking CXX executable cmTC_5b28c

Source file was:
int main() { return 0; }
